SF:lib/main.dart
DA:42,0
DA:43,0
DA:44,0
DA:45,0
DA:46,0
DA:47,0
DA:48,0
DA:50,0
DA:52,0
DA:53,0
DA:55,0
DA:59,0
DA:61,0
DA:68,0
DA:70,0
DA:71,0
DA:72,0
DA:73,0
DA:75,0
DA:76,0
DA:77,0
DA:81,0
DA:82,0
DA:85,0
DA:86,0
DA:88,0
DA:89,0
DA:91,0
DA:98,12
DA:101,1
DA:102,1
DA:105,0
DA:106,0
DA:107,0
DA:108,0
DA:109,0
DA:110,0
DA:111,0
DA:112,0
DA:113,0
DA:119,1
DA:124,1
DA:125,2
DA:126,0
DA:127,0
DA:128,0
DA:129,0
DA:130,0
DA:131,0
DA:132,0
DA:133,0
DA:134,0
DA:135,0
DA:137,0
DA:139,0
DA:141,0
DA:143,0
DA:144,0
DA:145,0
DA:146,0
DA:147,0
DA:149,0
DA:150,0
DA:167,1
DA:169,1
DA:170,2
DA:173,1
DA:174,1
DA:175,0
DA:176,0
DA:179,0
DA:180,0
DA:181,0
DA:182,0
DA:187,1
DA:189,1
DA:190,1
DA:191,1
DA:192,1
DA:193,0
DA:195,0
DA:196,0
DA:198,0
DA:199,0
DA:201,2
DA:208,0
DA:209,0
DA:211,0
DA:213,0
DA:216,0
DA:217,0
DA:218,0
DA:219,0
DA:220,0
DA:221,0
DA:222,0
DA:223,0
DA:224,0
DA:225,0
DA:226,0
DA:228,0
DA:229,0
DA:230,0
DA:231,0
DA:232,0
DA:234,0
DA:242,0
DA:243,0
DA:244,0
DA:246,0
DA:248,0
DA:249,0
DA:251,0
DA:252,0
DA:258,0
DA:260,0
DA:261,0
DA:262,0
DA:265,0
DA:266,0
DA:272,0
DA:278,0
DA:279,0
DA:284,0
DA:285,0
DA:286,0
DA:287,0
DA:288,0
DA:289,0
DA:290,0
LF:130
LH:17
end_of_record
SF:lib/background/background_task.dart
DA:15,0
DA:24,0
DA:25,0
DA:26,0
DA:27,0
DA:28,0
DA:29,0
DA:30,0
DA:31,0
DA:41,0
DA:42,0
DA:59,0
DA:60,0
DA:61,0
DA:62,0
DA:63,0
DA:64,0
DA:65,0
DA:66,0
DA:88,0
DA:93,0
DA:99,0
DA:111,0
DA:117,0
DA:118,0
DA:125,0
DA:128,0
DA:130,0
DA:131,0
DA:133,0
DA:141,0
DA:142,0
DA:144,0
DA:146,0
DA:148,0
DA:149,0
DA:157,0
DA:163,0
DA:165,0
LF:39
LH:0
end_of_record
SF:lib/background/background_task_manager.dart
DA:18,0
DA:24,0
DA:25,0
DA:28,0
DA:29,0
DA:32,0
DA:33,0
DA:36,0
DA:37,0
DA:38,0
DA:39,0
DA:40,0
DA:42,0
DA:43,0
DA:44,0
DA:54,0
DA:58,0
DA:60,0
DA:62,0
DA:63,0
DA:64,0
DA:65,0
DA:66,0
DA:67,0
DA:71,0
DA:73,0
DA:74,0
DA:79,0
DA:80,0
DA:81,0
DA:82,0
DA:83,0
DA:105,0
DA:106,0
DA:107,0
DA:108,0
DA:109,0
DA:110,0
DA:113,0
DA:121,0
DA:124,0
DA:133,0
DA:134,0
DA:135,0
DA:137,0
DA:150,0
DA:151,0
DA:155,0
DA:161,0
DA:162,0
DA:166,0
DA:167,0
DA:168,0
DA:170,0
DA:171,0
DA:173,0
DA:174,0
DA:175,0
DA:176,0
DA:181,0
DA:182,0
DA:183,0
DA:186,0
DA:187,0
DA:188,0
DA:191,0
DA:193,0
DA:196,0
DA:200,0
DA:201,0
DA:202,0
DA:204,0
DA:207,0
DA:208,0
DA:215,0
DA:216,0
DA:217,0
DA:218,0
DA:220,0
DA:223,0
DA:237,0
DA:246,0
DA:247,0
DA:248,0
DA:249,0
DA:250,0
DA:251,0
DA:254,0
DA:255,0
DA:258,0
DA:259,0
DA:262,0
DA:263,0
DA:268,0
DA:269,0
DA:271,0
DA:273,0
DA:276,0
DA:277,0
DA:278,0
DA:279,0
DA:285,0
DA:288,0
DA:290,0
DA:292,0
DA:293,0
DA:295,0
DA:297,0
DA:298,0
DA:300,0
DA:301,0
LF:111
LH:0
end_of_record
SF:lib/background/background_task_refresh_later.dart
DA:17,0
DA:28,0
DA:29,0
DA:30,0
DA:44,0
DA:46,0
DA:47,0
DA:52,0
DA:56,0
DA:60,0
DA:64,0
DA:65,0
DA:68,0
DA:74,0
DA:78,0
DA:80,0
DA:82,0
DA:83,0
DA:84,0
DA:85,0
DA:86,0
DA:89,0
DA:92,0
DA:96,0
DA:97,0
LF:25
LH:0
end_of_record
SF:lib/database/local_database.dart
DA:25,0
DA:26,0
DA:27,0
DA:34,0
DA:36,0
DA:37,0
DA:38,0
DA:40,0
DA:42,0
DA:43,0
DA:49,0
DA:50,0
DA:52,0
DA:55,0
DA:57,0
DA:58,0
DA:60,0
DA:62,0
DA:63,0
DA:70,0
DA:73,0
DA:74,0
DA:75,0
DA:76,0
DA:77,0
DA:78,0
DA:79,0
DA:80,0
DA:81,0
DA:82,0
DA:84,0
DA:85,0
DA:87,0
DA:88,0
DA:97,0
DA:101,0
DA:106,0
DA:107,0
LF:38
LH:0
end_of_record
SF:lib/generic_lib/duration_constants.dart
DA:2,0
DA:11,0
LF:2
LH:0
end_of_record
SF:lib/query/product_query.dart
DA:16,0
DA:18,0
DA:19,0
DA:20,0
DA:21,0
DA:22,0
DA:23,0
DA:26,1
DA:28,1
DA:29,1
DA:33,0
DA:37,0
DA:42,0
DA:43,0
DA:46,0
DA:47,0
DA:50,0
DA:51,0
DA:56,0
DA:59,0
DA:64,0
DA:65,0
DA:67,0
DA:68,0
DA:74,0
DA:79,0
DA:83,0
DA:88,0
DA:96,0
DA:97,0
DA:98,0
DA:103,0
DA:105,0
DA:110,0
DA:115,0
DA:116,0
DA:117,0
DA:118,0
DA:119,0
DA:129,0
DA:130,0
DA:131,0
DA:135,0
DA:136,0
DA:139,0
DA:140,0
DA:141,0
DA:145,0
DA:153,1
DA:155,0
DA:158,0
DA:160,0
DA:164,0
DA:168,0
DA:170,0
DA:173,0
DA:175,0
DA:182,0
LF:58
LH:4
end_of_record
SF:lib/widgets/smooth_floating_message.dart
DA:8,0
DA:19,0
DA:24,0
DA:26,0
DA:27,0
DA:28,0
DA:30,0
DA:31,0
DA:32,0
DA:34,0
DA:43,0
DA:44,0
DA:45,0
DA:49,0
DA:50,0
DA:51,0
DA:56,0
DA:66,0
DA:68,0
DA:75,0
DA:77,0
DA:79,0
DA:80,0
DA:81,0
DA:86,0
DA:88,0
DA:90,0
DA:91,0
DA:93,0
DA:95,0
DA:96,0
DA:97,0
DA:98,0
DA:99,0
DA:100,0
DA:102,0
DA:103,0
DA:104,0
DA:106,0
DA:107,0
DA:109,0
LF:41
LH:0
end_of_record
SF:lib/background/background_task_badge.dart
DA:7,11
DA:11,0
DA:13,0
DA:14,0
DA:15,0
DA:16,0
DA:18,0
DA:19,0
DA:20,0
DA:21,0
DA:24,0
LF:11
LH:1
end_of_record
SF:lib/background/background_task_barcode.dart
DA:8,0
DA:18,0
DA:19,0
DA:20,0
DA:26,0
DA:28,0
DA:29,0
DA:38,0
DA:40,0
DA:41,0
DA:45,0
DA:46,0
DA:47,0
LF:13
LH:0
end_of_record
SF:lib/pages/product/common/product_refresher.dart
DA:21,0
DA:28,0
DA:31,0
DA:32,0
DA:34,0
DA:35,0
DA:37,0
DA:38,0
DA:40,0
DA:42,0
DA:44,0
DA:45,0
DA:51,0
DA:52,0
DA:53,0
DA:54,0
DA:55,0
DA:58,0
DA:59,0
DA:60,0
DA:65,0
DA:66,0
DA:67,0
DA:75,0
DA:78,0
DA:80,0
DA:81,0
DA:82,0
DA:87,0
DA:91,0
DA:92,0
DA:93,0
DA:94,0
DA:95,0
DA:96,0
DA:97,0
DA:105,0
DA:109,0
DA:115,0
DA:119,0
DA:120,0
DA:122,0
DA:123,0
DA:128,0
DA:134,0
DA:135,0
DA:136,0
DA:138,0
DA:143,0
DA:144,0
DA:145,0
DA:146,0
DA:157,0
DA:162,0
DA:163,0
DA:164,0
DA:166,0
DA:167,0
DA:168,0
DA:169,0
DA:170,0
DA:174,0
DA:176,0
DA:177,0
DA:178,0
DA:179,0
DA:183,0
DA:184,0
DA:185,0
DA:186,0
DA:188,0
DA:196,0
DA:201,0
DA:202,0
DA:203,0
DA:204,0
DA:206,0
DA:209,0
DA:210,0
DA:211,0
DA:212,0
DA:213,0
DA:215,0
LF:83
LH:0
end_of_record
SF:lib/background/background_task_crop.dart
DA:17,0
DA:35,0
DA:36,0
DA:37,0
DA:45,0
DA:47,0
DA:48,0
DA:53,0
DA:66,0
DA:67,0
DA:71,0
DA:84,0
DA:87,0
DA:90,0
DA:94,0
DA:99,0
DA:112,0
DA:115,0
DA:117,0
DA:118,0
DA:124,0
DA:125,0
DA:126,0
DA:127,0
DA:129,0
DA:130,0
DA:134,0
DA:136,0
DA:137,0
DA:138,0
DA:139,0
DA:140,0
DA:143,0
DA:149,0
DA:150,0
DA:151,0
DA:153,0
DA:154,0
DA:155,0
DA:156,0
DA:157,0
DA:158,0
DA:159,0
DA:162,0
DA:167,0
DA:169,0
DA:173,0
DA:175,0
DA:176,0
DA:183,0
DA:185,0
DA:186,0
DA:187,0
DA:188,0
DA:189,0
DA:190,0
DA:191,0
DA:192,0
DA:193,0
DA:194,0
DA:195,0
DA:196,0
DA:197,0
DA:200,0
LF:64
LH:0
end_of_record
SF:lib/background/background_task_upload.dart
DA:12,0
DA:29,0
DA:30,0
DA:31,0
DA:32,0
DA:33,0
DA:34,0
DA:35,0
DA:36,0
DA:37,0
DA:55,0
DA:57,0
DA:58,0
DA:59,0
DA:60,0
DA:61,0
DA:62,0
DA:63,0
DA:64,0
DA:68,0
DA:69,0
DA:70,0
DA:71,0
DA:74,0
DA:76,0
DA:78,0
DA:81,0
DA:83,0
DA:85,0
DA:87,0
DA:89,0
DA:91,0
DA:95,0
DA:100,0
DA:102,0
DA:103,0
DA:111,0
DA:113,0
DA:114,0
DA:116,0
DA:117,0
DA:118,0
DA:120,0
LF:43
LH:0
end_of_record
SF:lib/background/operation_type.dart
DA:49,0
DA:57,0
DA:58,0
DA:61,0
DA:62,0
DA:66,0
DA:68,0
DA:69,0
DA:70,0
DA:71,0
DA:72,0
DA:73,0
DA:74,0
DA:75,0
DA:76,0
DA:77,0
DA:78,0
DA:79,0
DA:80,0
DA:81,0
DA:82,0
DA:83,0
DA:84,0
DA:85,0
DA:86,0
DA:87,0
DA:91,0
DA:92,0
DA:94,0
DA:96,0
DA:97,0
DA:98,0
DA:99,0
DA:100,0
DA:102,0
DA:104,0
DA:106,0
DA:108,0
DA:110,0
DA:112,0
DA:114,0
DA:119,0
DA:121,0
DA:122,0
DA:125,0
DA:126,0
DA:127,0
DA:130,0
DA:131,0
DA:132,0
DA:135,0
DA:138,0
DA:139,0
DA:140,0
DA:143,0
DA:146,0
DA:147,0
DA:148,0
DA:151,0
DA:154,0
DA:155,0
DA:156,0
DA:157,0
DA:158,0
DA:165,0
DA:169,0
LF:66
LH:0
end_of_record
SF:lib/background/background_task_details.dart
DA:36,0
DA:47,0
DA:48,0
DA:49,0
DA:58,0
DA:60,0
DA:61,0
DA:65,0
DA:67,0
DA:70,0
DA:76,0
DA:77,0
DA:79,0
DA:81,0
DA:86,0
DA:89,0
DA:96,0
DA:100,0
DA:105,0
DA:110,0
DA:112,0
DA:113,0
DA:114,0
DA:115,0
DA:116,0
DA:117,0
DA:118,0
DA:121,0
DA:122,0
DA:124,0
DA:126,0
DA:128,0
DA:135,0
DA:137,0
DA:138,0
DA:142,0
DA:143,0
DA:144,0
DA:145,0
DA:146,0
DA:147,0
DA:148,0
DA:149,0
DA:151,0
DA:152,0
DA:154,0
DA:155,0
DA:156,0
DA:161,0
DA:164,0
DA:169,0
DA:170,0
DA:172,0
DA:173,0
DA:174,0
DA:176,0
DA:178,0
DA:179,0
DA:183,0
DA:186,0
DA:191,0
DA:192,0
DA:193,0
DA:194,0
DA:195,0
DA:196,0
DA:197,0
DA:198,0
DA:199,0
DA:200,0
DA:201,0
DA:203,0
DA:205,0
DA:206,0
DA:207,0
LF:75
LH:0
end_of_record
SF:lib/background/background_task_download_products.dart
DA:16,0
DA:29,0
DA:30,0
DA:31,0
DA:41,0
DA:43,0
DA:44,0
DA:50,0
DA:58,0
DA:64,0
DA:71,0
DA:74,0
DA:79,0
DA:86,0
DA:87,0
DA:89,0
DA:90,0
DA:91,0
DA:92,0
DA:99,0
DA:105,0
DA:107,0
DA:108,0
DA:109,0
DA:110,0
DA:112,0
DA:116,0
DA:117,0
DA:120,0
DA:121,0
DA:123,0
DA:124,0
DA:125,0
DA:127,0
DA:128,0
DA:130,0
DA:132,0
DA:133,0
DA:136,0
DA:138,0
DA:140,0
DA:142,0
DA:143,0
DA:144,0
DA:145,0
DA:148,0
DA:149,0
DA:153,0
DA:154,0
DA:155,0
DA:156,0
DA:158,0
DA:159,0
DA:160,0
DA:161,0
DA:162,0
DA:173,0
DA:177,0
DA:178,0
LF:59
LH:0
end_of_record
SF:lib/background/background_task_progressing.dart
DA:5,0
DA:17,0
DA:18,0
DA:19,0
DA:20,0
DA:28,0
DA:30,0
DA:31,0
DA:32,0
LF:9
LH:0
end_of_record
SF:lib/database/dao_product.dart
DA:17,0
DA:31,0
DA:36,0
DA:37,0
DA:47,0
DA:49,0
DA:53,0
DA:56,0
DA:57,0
DA:63,0
DA:64,0
DA:65,0
DA:69,0
DA:70,0
DA:71,0
DA:72,0
DA:76,0
DA:79,0
DA:80,0
DA:82,0
DA:83,0
DA:84,0
DA:90,0
DA:93,0
DA:95,0
DA:96,0
DA:97,0
DA:100,0
DA:102,0
DA:104,0
DA:106,0
DA:110,0
DA:113,0
DA:114,0
DA:126,0
DA:130,0
DA:131,0
DA:132,0
DA:133,0
DA:134,0
DA:135,0
DA:136,0
DA:137,0
DA:140,0
DA:142,0
DA:149,0
DA:152,0
DA:154,0
DA:156,0
DA:159,0
DA:161,0
DA:162,0
DA:164,0
DA:165,0
DA:169,0
DA:170,0
DA:171,0
DA:172,0
DA:174,0
DA:175,0
DA:177,0
DA:178,0
DA:179,0
DA:184,0
DA:189,0
DA:195,0
DA:196,0
DA:197,0
DA:198,0
DA:200,0
DA:201,0
DA:202,0
DA:203,0
DA:208,0
DA:209,0
DA:210,0
DA:218,0
DA:222,0
DA:223,0
DA:230,0
DA:231,0
DA:236,0
DA:238,0
LF:83
LH:0
end_of_record
SF:lib/database/dao_work_barcode.dart
DA:14,0
DA:20,0
DA:25,0
DA:26,0
DA:36,0
DA:38,0
DA:40,0
DA:42,0
DA:44,0
DA:45,0
DA:47,0
DA:51,0
DA:55,0
DA:57,0
DA:59,0
DA:61,0
DA:64,0
DA:65,0
DA:71,0
DA:75,0
DA:76,0
DA:77,0
DA:81,0
DA:86,0
DA:89,0
DA:92,0
DA:93,0
DA:96,0
DA:97,0
DA:99,0
DA:102,0
DA:105,0
DA:106,0
DA:107,0
DA:108,0
DA:109,0
DA:110,0
DA:113,0
DA:120,0
DA:121,0
DA:124,0
DA:130,0
DA:134,0
DA:135,0
DA:136,0
DA:140,0
DA:145,0
DA:148,0
DA:151,0
DA:152,0
DA:155,0
DA:157,0
DA:158,0
DA:161,0
DA:164,0
DA:165,0
DA:166,0
DA:167,0
DA:168,0
DA:169,0
DA:170,0
DA:173,0
LF:62
LH:0
end_of_record
SF:lib/background/background_task_full_refresh.dart
DA:19,0
DA:29,0
DA:30,0
DA:34,0
DA:38,0
DA:39,0
DA:42,0
DA:46,0
DA:49,0
DA:52,0
DA:56,0
DA:60,0
DA:64,0
DA:65,0
DA:67,0
DA:68,0
DA:69,0
DA:74,0
DA:76,0
DA:77,0
DA:80,0
DA:81,0
DA:85,0
DA:86,0
DA:87,0
DA:88,0
DA:89,0
DA:90,0
DA:92,0
DA:95,0
DA:101,0
DA:109,0
DA:120,0
DA:124,0
DA:125,0
DA:128,0
DA:134,0
DA:137,0
DA:138,0
DA:139,0
DA:140,0
DA:143,0
DA:144,0
LF:43
LH:0
end_of_record
SF:lib/background/background_task_paged.dart
DA:5,0
DA:15,0
DA:16,0
DA:17,0
DA:23,0
DA:25,0
DA:26,0
LF:7
LH:0
end_of_record
SF:lib/background/background_task_hunger_games.dart
DA:15,0
DA:27,0
DA:28,0
DA:29,0
DA:30,0
DA:40,0
DA:42,0
DA:43,0
DA:44,0
DA:49,0
DA:55,0
DA:56,0
DA:60,0
DA:63,0
DA:66,0
DA:69,0
DA:72,0
DA:79,0
DA:85,0
DA:86,0
DA:89,0
DA:90,0
DA:91,0
DA:92,0
DA:97,0
DA:98,0
DA:100,0
DA:103,0
DA:108,0
DA:110,0
DA:111,0
DA:112,0
DA:113,0
DA:118,0
DA:121,0
DA:126,0
DA:127,0
LF:37
LH:0
end_of_record
SF:lib/helpers/robotoff_insight_helper.dart
DA:8,0
DA:11,0
DA:15,0
DA:18,0
DA:22,0
DA:25,0
DA:26,0
DA:27,0
DA:29,0
DA:31,0
DA:32,0
DA:33,0
DA:37,0
DA:38,0
DA:41,0
DA:43,0
DA:44,0
DA:46,0
DA:47,0
DA:48,0
LF:20
LH:0
end_of_record
SF:lib/background/background_task_image.dart
DA:23,0
DA:41,0
DA:42,0
DA:43,0
DA:51,0
DA:53,0
DA:54,0
DA:59,0
DA:60,0
DA:63,0
DA:76,0
DA:77,0
DA:81,0
DA:94,0
DA:97,0
DA:100,0
DA:104,0
DA:109,0
DA:122,0
DA:125,0
DA:126,0
DA:127,0
DA:128,0
DA:134,0
DA:135,0
DA:136,0
DA:137,0
DA:139,0
DA:140,0
DA:147,0
DA:148,0
DA:150,0
DA:152,0
DA:153,0
DA:154,0
DA:155,0
DA:156,0
DA:159,0
DA:168,0
DA:169,0
DA:170,0
DA:175,0
DA:180,0
DA:182,0
DA:187,0
DA:192,0
DA:196,0
DA:198,0
DA:199,0
DA:206,0
DA:207,0
DA:208,0
DA:209,0
DA:213,0
DA:217,0
DA:218,0
DA:219,0
DA:220,0
DA:221,0
DA:231,0
DA:233,0
DA:234,0
DA:235,0
DA:236,0
DA:237,0
DA:238,0
DA:239,0
DA:246,0
DA:247,0
DA:248,0
DA:249,0
DA:250,0
DA:251,0
DA:252,0
DA:254,0
DA:256,0
DA:257,0
DA:258,0
DA:259,0
DA:260,0
DA:261,0
DA:263,0
DA:264,0
DA:265,0
DA:266,0
DA:267,0
DA:272,0
DA:273,0
DA:276,0
DA:277,0
DA:278,0
DA:279,0
DA:280,0
DA:281,0
DA:282,0
DA:284,0
DA:286,0
DA:291,0
DA:296,0
DA:299,0
DA:302,0
DA:303,0
DA:311,0
DA:314,0
DA:315,0
DA:316,0
DA:317,0
DA:319,0
DA:321,0
DA:324,0
DA:327,0
DA:329,0
DA:333,0
DA:334,0
DA:337,0
DA:338,0
DA:341,0
DA:344,0
DA:347,0
DA:351,0
DA:352,0
LF:121
LH:0
end_of_record
SF:lib/data_models/up_to_date_changes.dart
DA:8,0
DA:9,0
DA:17,0
DA:18,0
DA:19,0
DA:20,0
DA:24,0
DA:25,0
DA:27,0
DA:28,0
DA:29,0
DA:30,0
DA:35,0
DA:36,0
DA:39,0
DA:40,0
DA:41,0
DA:45,0
DA:46,0
DA:53,0
DA:54,0
DA:55,0
DA:57,0
DA:58,0
DA:60,0
DA:61,0
DA:63,0
DA:64,0
DA:66,0
DA:67,0
DA:70,0
DA:72,0
DA:74,0
DA:75,0
DA:77,0
DA:78,0
DA:80,0
DA:81,0
DA:83,0
DA:84,0
DA:86,0
DA:87,0
DA:89,0
DA:90,0
DA:92,0
DA:93,0
DA:95,0
DA:96,0
DA:98,0
DA:99,0
DA:101,0
DA:102,0
DA:104,0
DA:105,0
DA:107,0
DA:108,0
DA:110,0
DA:111,0
DA:113,0
DA:114,0
DA:118,0
DA:120,0
DA:121,0
DA:122,0
DA:125,0
DA:126,0
DA:127,0
DA:130,0
DA:131,0
DA:132,0
DA:135,0
DA:136,0
DA:137,0
DA:140,0
DA:141,0
DA:144,0
DA:146,0
DA:147,0
DA:148,0
DA:149,0
DA:150,0
DA:152,0
DA:155,0
DA:156,0
DA:158,0
DA:160,0
DA:161,0
DA:165,0
DA:166,0
LF:89
LH:0
end_of_record
SF:lib/helpers/image_compute_container.dart
DA:12,0
DA:17,0
DA:25,0
DA:27,0
DA:28,0
DA:29,0
DA:35,0
DA:39,0
DA:43,0
DA:45,0
DA:48,0
DA:49,0
DA:51,0
DA:54,0
DA:57,0
DA:61,0
DA:68,0
DA:72,0
DA:76,0
DA:78,0
DA:81,0
DA:82,0
DA:84,0
DA:87,0
DA:90,0
DA:94,0
DA:97,0
DA:102,0
DA:105,0
DA:111,0
DA:116,0
DA:118,0
DA:119,0
DA:120,0
DA:121,0
DA:123,0
DA:124,0
DA:133,0
DA:138,0
DA:140,0
DA:141,0
DA:142,0
DA:143,0
DA:145,0
DA:148,0
DA:153,0
DA:154,0
DA:158,0
LF:48
LH:0
end_of_record
SF:lib/data_models/login_result.dart
DA:15,11
DA:21,0
DA:22,0
DA:23,0
DA:24,0
DA:25,0
DA:26,0
DA:27,0
DA:28,0
DA:29,0
DA:32,0
DA:33,0
DA:34,0
DA:37,0
DA:39,0
DA:41,0
DA:46,0
DA:49,0
DA:51,0
DA:52,0
DA:53,0
DA:57,0
LF:22
LH:1
end_of_record
SF:lib/database/dao_instant_string.dart
DA:7,0
DA:11,0
DA:12,0
DA:14,0
DA:17,0
DA:19,0
DA:21,0
DA:22,0
LF:8
LH:0
end_of_record
SF:lib/database/dao_int.dart
DA:7,0
DA:11,0
DA:12,0
DA:14,0
DA:17,0
DA:19,0
DA:21,0
DA:22,0
LF:8
LH:0
end_of_record
SF:lib/database/dao_string_list.dart
DA:7,0
DA:22,0
DA:23,0
DA:25,0
DA:28,0
DA:30,0
DA:31,0
DA:34,0
DA:35,0
DA:36,0
DA:37,0
DA:38,0
DA:40,0
DA:41,0
DA:44,0
DA:45,0
DA:48,0
DA:49,0
DA:50,0
DA:51,0
DA:52,0
LF:21
LH:0
end_of_record
SF:lib/services/smooth_services.dart
DA:10,2
DA:11,2
DA:14,2
DA:15,4
DA:16,4
DA:19,6
DA:23,0
DA:24,0
DA:25,0
DA:26,0
DA:31,3
DA:33,0
LF:12
LH:7
end_of_record
SF:lib/background/background_task_offline.dart
DA:16,0
DA:28,0
DA:29,0
DA:33,0
DA:38,0
DA:39,0
DA:44,0
DA:50,0
DA:53,0
DA:56,0
DA:60,0
DA:64,0
DA:70,0
DA:71,0
DA:73,0
DA:74,0
DA:75,0
DA:82,0
DA:85,0
DA:88,0
DA:90,0
DA:91,0
DA:92,0
DA:94,0
DA:95,0
DA:96,0
LF:26
LH:0
end_of_record
SF:lib/background/background_task_top_barcodes.dart
DA:16,0
DA:29,0
DA:30,0
DA:31,0
DA:37,0
DA:39,0
DA:40,0
DA:46,0
DA:54,0
DA:59,0
DA:66,0
DA:69,0
DA:74,0
DA:81,0
DA:82,0
DA:84,0
DA:85,0
DA:86,0
DA:87,0
DA:94,0
DA:97,0
DA:100,0
DA:102,0
DA:103,0
DA:104,0
DA:105,0
DA:106,0
DA:107,0
DA:108,0
DA:111,0
DA:112,0
DA:115,0
DA:117,0
DA:118,0
DA:120,0
DA:121,0
DA:122,0
DA:125,0
DA:126,0
DA:128,0
DA:129,0
DA:131,0
DA:132,0
DA:133,0
DA:135,0
DA:137,0
DA:138,0
DA:141,0
DA:145,0
DA:147,0
DA:148,0
LF:51
LH:0
end_of_record
SF:lib/background/background_task_unselect.dart
DA:18,0
DA:29,0
DA:30,0
DA:31,0
DA:39,0
DA:41,0
DA:42,0
DA:47,0
DA:53,0
DA:54,0
DA:58,0
DA:64,0
DA:67,0
DA:70,0
DA:74,0
DA:79,0
DA:85,0
DA:88,0
DA:89,0
DA:90,0
DA:91,0
DA:92,0
DA:94,0
DA:96,0
DA:97,0
DA:101,0
DA:103,0
DA:104,0
DA:107,0
DA:108,0
DA:109,0
DA:110,0
DA:113,0
DA:118,0
DA:121,0
DA:122,0
DA:129,0
DA:130,0
DA:131,0
DA:132,0
DA:133,0
DA:134,0
DA:135,0
DA:144,0
DA:145,0
DA:146,0
LF:46
LH:0
end_of_record
SF:lib/database/transient_file.dart
DA:11,0
DA:17,0
DA:21,0
DA:22,0
DA:24,0
DA:28,0
DA:29,0
DA:34,0
DA:44,0
DA:47,0
DA:51,0
DA:52,0
DA:56,0
DA:59,0
DA:60,0
DA:64,0
DA:65,0
DA:69,0
DA:73,0
DA:74,0
DA:77,0
DA:81,0
DA:84,0
DA:85,0
DA:87,0
DA:89,0
DA:90,0
DA:99,0
DA:109,0
DA:112,0
DA:117,0
DA:118,0
DA:119,0
DA:120,0
DA:123,0
DA:126,0
DA:127,0
DA:128,0
DA:129,0
LF:39
LH:0
end_of_record
SF:lib/helpers/image_field_extension.dart
DA:15,0
DA:17,0
DA:18,0
DA:20,0
DA:21,0
DA:23,0
DA:24,0
DA:26,0
DA:27,0
DA:29,0
DA:34,0
DA:36,0
DA:37,0
DA:38,0
DA:39,0
DA:40,0
DA:41,0
DA:42,0
DA:43,0
DA:44,0
DA:45,0
DA:50,0
DA:52,0
DA:53,0
DA:54,0
DA:55,0
DA:56,0
DA:57,0
DA:58,0
DA:59,0
DA:60,0
DA:61,0
DA:66,0
DA:68,0
DA:69,0
DA:70,0
DA:71,0
DA:72,0
DA:73,0
DA:74,0
DA:75,0
DA:76,0
DA:77,0
DA:81,0
DA:83,0
DA:84,0
DA:85,0
DA:86,0
DA:87,0
DA:88,0
DA:89,0
DA:90,0
DA:91,0
DA:92,0
DA:96,0
DA:101,0
DA:102,0
DA:104,0
DA:105,0
DA:113,0
LF:60
LH:0
end_of_record
SF:lib/database/dao_transient_operation.dart
DA:15,0
DA:20,0
DA:21,0
DA:29,0
DA:31,0
DA:33,0
DA:35,0
DA:57,0
DA:58,0
DA:62,0
DA:63,0
DA:65,0
DA:66,0
DA:68,0
DA:70,0
DA:72,0
DA:73,0
DA:75,0
DA:77,0
DA:78,0
DA:79,0
DA:80,0
DA:81,0
DA:86,0
DA:87,0
DA:88,0
DA:89,0
DA:90,0
DA:95,0
DA:98,0
LF:30
LH:0
end_of_record
SF:lib/helpers/database_helper.dart
DA:9,0
DA:13,0
DA:17,0
DA:19,0
LF:4
LH:0
end_of_record
SF:lib/cards/category_cards/abstract_cache.dart
DA:9,0
DA:17,0
DA:24,0
DA:26,0
DA:27,0
DA:29,0
DA:37,0
DA:39,0
DA:40,0
DA:44,0
DA:49,0
DA:50,0
DA:53,0
DA:55,0
DA:58,0
DA:60,0
DA:63,0
DA:64,0
DA:67,0
DA:70,0
DA:71,0
DA:73,0
LF:22
LH:0
end_of_record
SF:lib/cards/category_cards/null_cache.dart
DA:6,0
DA:9,0
DA:11,0
DA:12,0
LF:4
LH:0
end_of_record
SF:lib/cards/category_cards/raster_cache.dart
DA:8,0
DA:14,0
DA:16,0
DA:17,0
DA:18,0
DA:20,0
DA:21,0
DA:22,0
DA:23,0
DA:25,0
DA:33,0
DA:34,0
DA:36,0
DA:37,0
DA:38,0
LF:15
LH:0
end_of_record
SF:lib/cards/category_cards/svg_cache.dart
DA:9,0
DA:18,0
DA:20,0
DA:21,0
DA:25,0
DA:26,0
DA:27,0
DA:28,0
DA:29,0
DA:31,0
DA:32,0
DA:37,0
DA:39,0
DA:40,0
DA:41,0
DA:43,0
DA:49,0
DA:50,0
DA:54,0
DA:55,0
DA:57,0
DA:58,0
DA:59,0
DA:65,0
DA:66,0
DA:68,0
DA:69,0
DA:70,0
DA:71,0
DA:72,0
DA:73,0
DA:74,0
DA:75,0
DA:76,0
DA:77,0
DA:78,0
DA:79,0
DA:80,0
DA:81,0
DA:82,0
DA:83,0
DA:84,0
DA:85,0
DA:86,0
DA:87,0
LF:45
LH:0
end_of_record
SF:lib/cards/category_cards/asset_cache_helper.dart
DA:6,0
DA:24,0
DA:25,0
DA:26,0
DA:29,0
DA:30,0
DA:32,0
DA:33,0
LF:8
LH:0
end_of_record
SF:lib/cards/category_cards/raster_async_asset.dart
DA:8,0
DA:12,0
DA:13,0
DA:19,0
DA:21,0
DA:23,0
DA:28,0
DA:31,0
DA:32,0
DA:33,0
DA:34,0
DA:35,0
DA:36,0
DA:37,0
DA:38,0
DA:39,0
DA:40,0
DA:44,0
DA:47,0
LF:19
LH:0
end_of_record
SF:lib/helpers/app_helper.dart
DA:2,0
DA:7,5
DA:8,5
DA:9,0
DA:10,5
DA:14,10
DA:18,0
LF:7
LH:4
end_of_record
SF:lib/cards/category_cards/svg_async_asset.dart
DA:21,0
DA:25,0
DA:26,0
DA:32,0
DA:34,0
DA:36,0
DA:37,0
DA:43,0
DA:46,0
DA:47,0
DA:48,0
DA:49,0
DA:50,0
DA:51,0
DA:52,0
DA:53,0
DA:54,0
DA:55,0
DA:56,0
DA:58,0
DA:59,0
DA:63,0
DA:64,0
DA:67,0
DA:70,0
LF:25
LH:0
end_of_record
SF:lib/cards/category_cards/svg_safe_network.dart
DA:17,0
DA:21,0
DA:22,0
DA:28,0
DA:30,0
DA:31,0
DA:35,0
DA:36,0
DA:37,0
DA:39,0
DA:43,0
DA:44,0
DA:45,0
DA:46,0
DA:47,0
DA:48,0
DA:49,0
DA:50,0
DA:51,0
DA:52,0
DA:53,0
DA:55,0
DA:56,0
DA:60,0
DA:61,0
DA:62,0
DA:66,0
DA:68,0
DA:71,0
DA:72,0
DA:73,0
DA:77,0
DA:83,0
LF:33
LH:0
end_of_record
SF:lib/cards/data_cards/product_image_carousel_item.dart
DA:18,0
DA:26,0
DA:28,0
DA:32,0
DA:34,0
DA:35,0
DA:36,0
DA:37,0
DA:38,0
DA:39,0
DA:40,0
DA:41,0
DA:44,0
DA:45,0
DA:47,0
DA:48,0
DA:49,0
DA:53,0
DA:54,0
DA:60,0
DA:61,0
DA:62,0
DA:66,0
DA:71,0
DA:72,0
DA:73,0
DA:75,0
DA:77,0
DA:82,0
DA:84,0
DA:85,0
DA:86,0
LF:32
LH:0
end_of_record
SF:lib/data_models/product_image_data.dart
DA:4,0
DA:16,0
DA:17,0
DA:24,0
DA:25,0
DA:29,0
DA:30,0
DA:34,0
DA:35,0
DA:37,0
DA:38,0
LF:11
LH:0
end_of_record
SF:lib/pages/image_crop_page.dart
DA:24,0
DA:28,0
DA:32,0
DA:33,0
DA:35,0
DA:36,0
DA:41,0
DA:42,0
DA:48,0
DA:52,0
DA:55,0
DA:58,0
DA:59,0
DA:60,0
DA:64,0
DA:66,0
DA:67,0
DA:69,0
DA:70,0
DA:85,11
DA:87,0
DA:88,0
DA:94,0
DA:96,0
DA:97,0
DA:99,0
DA:101,0
DA:102,0
DA:103,0
DA:105,0
DA:106,0
DA:107,0
DA:109,0
DA:111,0
DA:112,0
DA:113,0
DA:120,0
DA:122,0
DA:123,0
DA:125,0
DA:126,0
DA:137,0
DA:139,0
DA:140,0
DA:142,0
DA:143,0
DA:145,0
DA:146,0
DA:147,0
DA:148,0
DA:149,0
DA:153,0
DA:155,0
DA:156,0
DA:157,0
DA:161,0
DA:162,0
DA:172,0
DA:173,0
DA:174,0
DA:176,0
DA:181,0
DA:193,0
DA:195,0
DA:197,0
DA:198,0
DA:199,0
DA:200,0
DA:201,0
DA:202,0
DA:203,0
DA:208,0
DA:209,0
DA:211,0
DA:215,0
DA:218,0
DA:219,0
DA:221,0
DA:230,0
DA:239,0
DA:240,0
DA:241,0
DA:244,0
DA:245,0
DA:247,0
DA:250,0
DA:260,0
DA:263,0
DA:265,0
DA:266,0
DA:269,0
DA:279,0
DA:280,0
DA:282,0
DA:283,0
DA:284,0
DA:285,0
DA:287,0
DA:288,0
DA:289,0
DA:290,0
DA:291,0
DA:292,0
DA:293,0
DA:297,0
DA:298,0
DA:299,0
DA:300,0
DA:309,0
DA:314,0
DA:316,0
DA:318,0
DA:323,0
DA:325,0
DA:329,0
DA:330,0
DA:332,0
DA:340,0
DA:341,0
DA:342,0
DA:343,0
DA:344,0
DA:345,0
DA:348,0
DA:353,0
DA:355,0
DA:357,0
LF:127
LH:1
end_of_record
SF:lib/pages/product/product_image_gallery_view.dart
DA:23,0
DA:29,0
DA:31,0
DA:38,0
DA:40,0
DA:41,0
DA:42,0
DA:45,0
DA:47,0
DA:48,0
DA:49,0
DA:50,0
DA:51,0
DA:53,0
DA:54,0
DA:56,0
DA:57,0
DA:58,0
DA:60,0
DA:63,0
DA:66,0
DA:67,0
DA:71,0
DA:74,0
DA:75,0
DA:76,0
DA:79,0
DA:80,0
DA:81,0
DA:82,0
DA:83,0
DA:84,0
DA:87,0
DA:89,0
DA:96,0
DA:97,0
DA:98,0
DA:99,0
DA:110,0
DA:121,0
DA:122,0
DA:124,0
DA:125,0
DA:127,0
DA:129,0
DA:133,0
DA:135,0
DA:137,0
DA:141,0
DA:143,0
DA:144,0
DA:146,0
DA:148,0
DA:155,0
DA:161,0
DA:162,0
DA:163,0
DA:164,0
DA:165,0
DA:168,0
DA:169,0
DA:171,0
DA:172,0
DA:173,0
DA:175,0
DA:176,0
DA:178,0
DA:181,0
DA:182,0
DA:184,0
DA:185,0
DA:187,0
DA:195,0
DA:201,0
DA:202,0
DA:207,0
DA:209,0
DA:210,0
DA:211,0
DA:212,0
DA:213,0
DA:215,0
DA:218,0
DA:219,0
DA:220,0
DA:221,0
DA:223,0
DA:232,0
DA:242,0
DA:243,0
DA:244,0
DA:245,0
DA:246,0
DA:247,0
DA:248,0
DA:254,0
DA:264,0
DA:265,0
DA:266,0
DA:267,0
DA:268,0
DA:269,0
DA:270,0
DA:271,0
DA:272,0
LF:105
LH:0
end_of_record
SF:lib/data_models/up_to_date_mixin.dart
DA:19,0
DA:23,0
DA:24,0
DA:25,0
DA:26,0
DA:35,0
DA:36,0
DA:38,0
DA:39,0
DA:41,0
DA:43,0
DA:44,0
DA:51,0
DA:52,0
DA:53,0
DA:56,0
DA:57,0
LF:17
LH:0
end_of_record
SF:lib/cards/data_cards/score_card.dart
DA:19,0
DA:21,0
DA:23,0
DA:25,0
DA:27,0
DA:29,0
DA:31,0
DA:36,0
DA:38,0
DA:40,0
DA:42,0
DA:44,0
DA:46,0
DA:48,0
DA:55,0
DA:59,0
DA:60,0
DA:61,0
DA:63,0
DA:67,0
DA:68,0
DA:70,0
DA:78,0
DA:80,0
DA:81,0
DA:82,0
DA:86,0
DA:87,0
DA:89,0
DA:91,0
DA:93,0
DA:94,0
DA:97,0
DA:98,0
DA:99,0
DA:101,0
DA:105,0
DA:107,0
DA:109,0
DA:111,0
DA:116,0
DA:118,0
DA:119,0
DA:120,0
DA:121,0
DA:122,0
DA:126,0
DA:134,0
DA:135,0
DA:138,0
DA:140,0
LF:51
LH:0
end_of_record
SF:lib/generic_lib/svg_icon_chip.dart
DA:5,0
DA:13,0
DA:14,0
DA:15,0
DA:16,0
LF:5
LH:0
end_of_record
SF:lib/helpers/score_card_helper.dart
DA:5,0
DA:6,0
DA:10,0
DA:12,0
DA:14,0
DA:16,0
DA:18,0
DA:20,0
DA:22,0
DA:23,0
DA:29,0
DA:32,0
LF:12
LH:0
end_of_record
SF:lib/helpers/ui_helpers.dart
DA:18,0
DA:19,0
DA:20,0
DA:23,0
DA:24,0
DA:27,0
DA:28,0
DA:32,0
DA:34,0
DA:37,0
DA:39,0
DA:41,0
DA:43,0
LF:13
LH:0
end_of_record
SF:lib/themes/constant_icons.dart
DA:6,11
DA:9,2
DA:13,0
DA:16,2
DA:17,4
DA:18,4
DA:20,0
DA:21,0
DA:23,2
DA:25,2
DA:26,2
DA:28,0
DA:29,0
LF:13
LH:8
end_of_record
SF:lib/themes/smooth_theme.dart
DA:10,0
DA:15,5
DA:23,5
DA:26,10
DA:27,5
DA:28,10
DA:29,5
DA:30,10
DA:40,5
DA:43,5
DA:45,5
DA:50,10
DA:51,5
DA:53,5
DA:56,5
DA:57,5
DA:63,5
DA:64,5
DA:65,5
DA:66,5
DA:67,5
DA:69,5
DA:73,5
DA:74,5
DA:75,5
DA:76,5
DA:77,5
DA:79,5
DA:80,5
DA:81,5
DA:85,5
DA:86,5
DA:88,5
DA:89,5
DA:91,5
DA:93,15
DA:94,5
DA:95,5
DA:97,5
DA:98,10
DA:99,5
DA:101,5
DA:102,5
DA:103,0
DA:104,0
DA:107,0
DA:108,0
DA:113,5
DA:114,5
DA:115,0
DA:116,0
DA:119,0
DA:120,0
DA:125,5
DA:126,5
DA:127,1
DA:128,1
DA:131,1
DA:132,0
DA:136,5
DA:137,1
DA:138,1
DA:141,1
DA:142,1
DA:150,5
DA:152,10
DA:153,10
DA:156,5
DA:157,10
DA:159,10
DA:160,10
DA:161,5
DA:162,5
DA:163,10
DA:164,10
DA:199,0
DA:200,0
DA:201,0
DA:202,0
DA:203,0
DA:204,0
DA:205,0
DA:207,0
DA:208,0
DA:209,0
DA:210,0
DA:212,0
DA:216,5
DA:217,15
DA:219,5
DA:220,5
DA:221,10
DA:222,5
DA:224,5
DA:230,0
DA:240,11
DA:249,11
DA:276,0
DA:286,0
DA:287,0
DA:288,0
DA:289,0
DA:290,0
DA:291,0
DA:292,0
DA:293,0
DA:296,0
DA:301,0
DA:305,0
DA:306,0
DA:307,0
DA:308,0
DA:309,0
DA:312,0
DA:313,0
DA:314,0
DA:317,0
DA:318,0
DA:319,0
DA:322,0
DA:323,0
DA:324,0
DA:327,0
DA:328,0
DA:329,0
DA:332,0
DA:333,0
DA:334,0
DA:340,0
DA:341,0
LF:130
LH:74
end_of_record
SF:lib/cards/product_cards/product_image_carousel.dart
DA:10,0
DA:20,0
DA:22,0
DA:23,0
DA:24,0
DA:26,0
DA:27,0
DA:28,0
DA:29,0
DA:32,0
DA:33,0
DA:34,0
DA:35,0
DA:36,0
DA:39,0
DA:40,0
LF:16
LH:0
end_of_record
SF:lib/helpers/product_cards_helper.dart
DA:14,0
DA:18,0
DA:19,0
DA:24,0
DA:28,0
DA:29,0
DA:30,0
DA:34,0
DA:38,0
DA:41,0
DA:44,0
DA:48,0
DA:49,0
DA:50,0
DA:52,0
DA:56,0
DA:58,0
DA:60,0
DA:64,0
DA:66,0
DA:67,0
DA:68,0
DA:78,0
DA:86,0
DA:89,0
DA:91,0
DA:92,0
DA:93,0
DA:99,0
DA:104,0
DA:105,0
DA:106,0
DA:107,0
DA:110,0
DA:114,0
DA:116,0
DA:117,0
DA:118,0
DA:119,0
DA:120,0
DA:121,0
DA:124,0
DA:130,0
DA:136,0
DA:145,0
DA:153,0
DA:154,0
DA:158,0
DA:160,0
DA:161,0
DA:171,0
DA:173,0
DA:175,0
DA:185,0
DA:192,0
DA:193,0
DA:196,0
DA:197,0
DA:199,0
DA:202,0
DA:203,0
DA:206,0
DA:207,0
DA:208,0
DA:214,0
DA:220,0
DA:222,0
DA:230,0
DA:234,0
DA:235,0
DA:236,0
DA:242,0
DA:247,0
DA:254,0
DA:256,0
DA:257,0
DA:264,0
DA:267,0
DA:268,0
DA:274,0
DA:279,0
DA:282,0
DA:283,0
DA:284,0
DA:294,0
DA:299,0
DA:300,0
DA:303,0
DA:304,0
DA:305,0
DA:306,0
DA:307,0
LF:92
LH:0
end_of_record
SF:lib/cards/product_cards/product_title_card.dart
DA:10,0
DA:24,0
DA:26,0
DA:27,0
DA:28,0
DA:29,0
DA:32,0
DA:33,0
DA:36,0
DA:37,0
DA:38,0
DA:40,0
DA:42,0
DA:43,0
DA:45,0
DA:46,0
DA:47,0
DA:48,0
DA:49,0
DA:55,0
DA:56,0
DA:57,0
DA:67,0
DA:75,0
DA:77,0
DA:78,0
DA:80,0
DA:81,0
DA:82,0
DA:84,0
DA:86,0
DA:91,0
DA:99,0
DA:101,0
DA:102,0
DA:104,0
DA:105,0
DA:109,0
DA:110,0
DA:115,0
DA:117,0
DA:119,0
DA:124,0
DA:134,0
DA:136,0
DA:138,0
DA:139,0
DA:141,0
DA:142,0
DA:146,0
DA:147,0
DA:148,0
DA:150,0
LF:53
LH:0
end_of_record
SF:lib/cards/product_cards/smooth_product_base_card.dart
DA:13,0
DA:24,0
DA:26,0
DA:28,0
DA:29,0
DA:30,0
DA:31,0
DA:32,0
DA:33,0
DA:36,0
DA:37,0
DA:38,0
DA:39,0
DA:40,0
DA:42,0
DA:44,0
DA:45,0
DA:46,0
DA:47,0
DA:59,0
DA:67,0
DA:69,0
DA:71,0
DA:73,0
DA:75,0
DA:76,0
DA:77,0
DA:79,0
DA:80,0
DA:81,0
DA:83,0
DA:84,0
LF:32
LH:0
end_of_record
SF:lib/helpers/extension_on_text_helper.dart
DA:4,1
DA:6,1
DA:7,1
DA:8,1
DA:9,1
DA:10,1
DA:11,1
DA:12,1
DA:13,1
DA:21,0
DA:22,0
DA:23,0
DA:24,0
DA:25,0
DA:26,0
DA:27,0
DA:28,0
DA:34,0
DA:35,0
DA:38,0
DA:39,0
DA:40,0
LF:22
LH:9
end_of_record
SF:lib/generic_lib/widgets/smooth_card.dart
DA:12,1
DA:26,0
DA:39,0
DA:64,1
DA:66,1
DA:67,1
DA:68,1
DA:71,1
DA:72,0
DA:75,0
DA:79,1
DA:80,1
DA:82,1
DA:83,1
DA:84,3
DA:87,1
DA:91,1
DA:93,1
DA:94,1
LF:19
LH:15
end_of_record
SF:lib/helpers/haptic_feedback_helper.dart
DA:7,0
DA:10,0
DA:11,0
DA:15,0
DA:16,0
DA:17,0
DA:22,0
DA:23,0
DA:27,0
DA:31,0
DA:32,0
DA:36,0
DA:40,0
DA:41,0
DA:45,0
DA:46,0
DA:47,0
DA:51,0
DA:52,0
DA:53,0
DA:54,0
LF:21
LH:0
end_of_record
SF:lib/cards/product_cards/smooth_product_card_error.dart
DA:13,0
DA:21,0
DA:23,0
DA:25,0
DA:26,0
DA:29,0
DA:30,0
DA:32,0
DA:38,0
DA:39,0
DA:40,0
DA:45,0
DA:46,0
DA:47,0
DA:54,0
DA:55,0
DA:57,0
DA:58,0
DA:60,0
DA:67,0
DA:72,0
DA:73,0
DA:74,0
DA:75,0
DA:77,0
LF:25
LH:0
end_of_record
SF:lib/data_models/continuous_scan_model.dart
DA:28,0
DA:43,0
DA:46,0
DA:49,0
DA:50,0
DA:51,0
DA:52,0
DA:53,0
DA:55,0
DA:57,0
DA:58,0
DA:60,0
DA:64,0
DA:66,0
DA:67,0
DA:69,0
DA:74,0
DA:79,0
DA:81,0
DA:82,0
DA:83,0
DA:84,0
DA:85,0
DA:86,0
DA:87,0
DA:88,0
DA:89,0
DA:90,0
DA:95,0
DA:100,0
DA:102,0
DA:106,0
DA:107,0
DA:110,0
DA:111,0
DA:115,0
DA:120,0
DA:122,0
DA:123,0
DA:127,0
DA:132,0
DA:133,0
DA:136,0
DA:140,0
DA:143,0
DA:144,0
DA:145,0
DA:148,0
DA:149,0
DA:150,0
DA:151,0
DA:152,0
DA:154,0
DA:155,0
DA:156,0
DA:159,0
DA:160,0
DA:161,0
DA:162,0
DA:163,0
DA:164,0
DA:165,0
DA:167,0
DA:173,0
DA:174,0
DA:176,0
DA:180,0
DA:181,0
DA:186,0
DA:187,0
DA:188,0
DA:191,0
DA:195,0
DA:198,0
DA:204,0
DA:207,0
DA:209,0
DA:211,0
DA:213,0
DA:216,0
DA:217,0
DA:218,0
DA:219,0
DA:221,0
DA:222,0
DA:224,0
DA:225,0
DA:227,0
DA:233,0
DA:236,0
DA:237,0
DA:238,0
DA:239,0
DA:241,0
DA:242,0
DA:244,0
DA:245,0
DA:247,0
DA:253,0
DA:257,0
DA:258,0
DA:259,0
DA:260,0
DA:261,0
DA:262,0
DA:264,0
DA:267,0
DA:268,0
DA:269,0
DA:272,0
DA:275,0
DA:276,0
DA:281,0
DA:282,0
DA:284,0
DA:285,0
DA:288,0
DA:291,0
DA:292,0
DA:293,0
DA:298,0
DA:299,0
DA:300,0
DA:309,0
DA:313,0
LF:125
LH:0
end_of_record
SF:lib/pages/product/common/product_dialog_helper.dart
DA:21,0
DA:38,0
DA:39,0
DA:41,0
DA:43,0
DA:44,0
DA:46,0
DA:49,0
DA:50,0
DA:51,0
DA:52,0
DA:53,0
DA:54,0
DA:56,0
DA:57,0
DA:60,0
DA:61,0
DA:62,0
DA:63,0
DA:64,0
DA:65,0
DA:68,0
DA:69,0
DA:73,0
DA:74,0
DA:75,0
DA:76,0
DA:77,0
DA:80,0
DA:81,0
DA:82,0
DA:86,0
DA:87,0
DA:91,0
DA:92,0
DA:93,0
DA:94,0
DA:98,0
DA:99,0
DA:100,0
DA:103,0
DA:104,0
DA:107,0
DA:108,0
DA:110,0
DA:116,0
DA:118,0
DA:125,0
DA:126,0
DA:127,0
DA:135,0
DA:136,0
DA:137,0
DA:138,0
DA:141,0
DA:142,0
DA:143,0
DA:148,0
DA:149,0
DA:152,0
DA:156,0
DA:157,0
DA:158,0
DA:159,0
DA:160,0
DA:161,0
DA:162,0
DA:168,0
DA:169,0
DA:170,0
DA:171,0
DA:172,0
DA:173,0
DA:175,0
DA:176,0
DA:178,0
DA:179,0
LF:77
LH:0
end_of_record
SF:lib/cards/product_cards/smooth_product_card_found.dart
DA:17,0
DA:32,0
DA:34,0
DA:35,0
DA:37,0
DA:38,0
DA:39,0
DA:40,0
DA:42,0
DA:43,0
DA:44,0
DA:45,0
DA:46,0
DA:50,0
DA:51,0
DA:53,0
DA:54,0
DA:58,0
DA:59,0
DA:61,0
DA:62,0
DA:63,0
DA:64,0
DA:65,0
DA:67,0
DA:69,0
DA:70,0
DA:71,0
DA:72,0
DA:74,0
DA:75,0
DA:78,0
DA:80,0
DA:84,0
DA:85,0
DA:86,0
DA:87,0
DA:88,0
DA:89,0
DA:95,0
DA:96,0
DA:97,0
DA:98,0
DA:101,0
DA:102,0
DA:103,0
DA:105,0
DA:107,0
DA:108,0
DA:110,0
DA:112,0
DA:113,0
DA:114,0
DA:117,0
DA:123,0
DA:124,0
DA:127,0
DA:128,0
DA:129,0
DA:143,0
DA:145,0
DA:157,0
LF:62
LH:0
end_of_record
SF:lib/data_models/preferences/user_preferences.dart
DA:28,0
DA:30,0
DA:32,0
DA:36,6
DA:38,18
DA:39,18
DA:46,6
DA:49,6
DA:50,6
DA:102,5
DA:103,5
DA:105,10
DA:108,0
DA:109,0
DA:113,5
DA:114,5
DA:116,10
DA:120,10
DA:126,0
DA:127,0
DA:129,0
DA:133,0
DA:134,0
DA:135,0
DA:138,0
DA:139,0
DA:142,5
DA:143,10
DA:144,5
DA:147,0
DA:148,0
DA:149,0
DA:152,0
DA:153,0
DA:155,0
DA:158,0
DA:159,0
DA:160,0
DA:161,0
DA:164,6
DA:165,12
DA:168,0
DA:170,0
DA:171,0
DA:172,0
DA:173,0
DA:176,6
DA:177,12
DA:179,6
DA:180,12
DA:182,5
DA:183,10
DA:186,5
DA:187,10
DA:191,0
DA:192,0
DA:193,0
DA:196,0
DA:197,0
DA:199,0
DA:200,0
DA:201,0
DA:202,0
DA:205,0
DA:206,0
DA:208,0
DA:209,0
DA:212,0
DA:214,0
DA:217,0
DA:220,0
DA:221,0
DA:222,0
DA:225,0
DA:227,0
DA:228,0
DA:232,0
DA:235,0
DA:236,0
DA:239,0
DA:241,0
DA:242,0
DA:244,0
DA:247,0
DA:251,0
DA:252,0
DA:254,0
DA:256,0
DA:261,0
DA:262,0
DA:263,0
DA:266,0
DA:267,0
DA:269,0
DA:270,0
DA:271,0
DA:273,0
DA:274,0
DA:275,0
DA:278,0
DA:279,0
DA:281,0
DA:282,0
DA:283,0
DA:286,0
DA:287,0
DA:288,0
DA:291,0
DA:292,0
DA:294,0
DA:295,0
DA:296,0
DA:299,0
DA:300,0
DA:302,0
DA:303,0
DA:304,0
DA:307,6
DA:309,0
DA:310,0
DA:311,0
DA:314,0
DA:315,0
DA:317,0
DA:318,0
DA:319,0
DA:322,0
DA:323,0
DA:326,0
DA:327,0
DA:328,0
DA:331,0
DA:332,0
DA:333,0
LF:134
LH:27
end_of_record
SF:lib/data_models/preferences/migration/user_preferences_migration.dart
DA:6,0
DA:8,10
DA:9,5
DA:15,5
DA:20,5
DA:24,10
DA:25,10
DA:29,5
DA:35,11
DA:47,11
DA:49,5
DA:55,5
DA:56,5
DA:58,0
DA:62,5
DA:67,11
DA:69,5
DA:76,5
DA:77,5
DA:79,10
DA:81,10
DA:86,5
DA:91,11
DA:93,5
DA:99,10
DA:100,0
DA:104,5
LF:27
LH:24
end_of_record
SF:lib/data_models/product_preferences.dart
DA:11,5
DA:14,5
DA:32,0
DA:33,0
DA:37,5
DA:38,5
DA:39,5
DA:41,5
DA:42,5
DA:43,5
DA:48,5
DA:50,5
DA:52,0
DA:54,0
DA:61,5
DA:65,0
DA:66,0
DA:67,0
DA:69,0
DA:70,0
DA:73,0
DA:74,0
DA:77,0
DA:80,0
DA:83,0
DA:84,0
DA:86,0
DA:87,0
DA:88,0
DA:90,0
DA:92,0
DA:96,5
DA:99,5
DA:101,5
DA:103,5
DA:105,5
DA:106,5
DA:120,0
DA:123,0
DA:125,0
DA:126,0
DA:131,0
DA:133,0
DA:135,0
DA:136,0
DA:138,0
DA:139,0
DA:143,0
DA:144,0
DA:145,0
DA:157,0
DA:158,0
DA:163,0
DA:165,0
DA:167,0
DA:169,0
DA:174,0
DA:188,5
DA:194,5
DA:198,5
DA:201,0
DA:202,0
DA:203,0
DA:204,0
DA:205,0
DA:206,0
DA:207,0
DA:208,0
DA:209,0
DA:210,0
DA:219,0
DA:222,0
DA:223,0
DA:224,0
DA:225,0
DA:230,0
DA:236,0
DA:237,0
DA:238,0
DA:241,0
DA:242,0
DA:245,0
DA:246,0
DA:250,0
DA:251,0
DA:252,0
LF:86
LH:20
end_of_record
SF:lib/generic_lib/widgets/smooth_product_image.dart
DA:11,0
DA:21,0
DA:23,0
DA:24,0
DA:25,0
DA:26,0
DA:29,0
DA:32,0
DA:34,0
DA:38,0
DA:39,0
DA:40,0
LF:12
LH:0
end_of_record
SF:lib/helpers/product_compatibility_helper.dart
DA:7,0
DA:8,0
DA:10,0
DA:14,0
DA:16,0
DA:18,0
DA:22,0
DA:24,0
DA:26,0
DA:30,0
DA:33,0
DA:34,0
DA:38,0
DA:39,0
DA:40,0
DA:42,0
DA:44,0
DA:46,0
DA:48,0
DA:50,0
DA:55,0
DA:57,0
DA:60,0
DA:61,0
DA:62,0
DA:63,0
DA:64,0
DA:65,0
DA:66,0
DA:67,0
DA:68,0
DA:69,0
DA:70,0
DA:71,0
DA:72,0
DA:73,0
DA:77,0
DA:78,0
DA:79,0
DA:80,0
DA:81,0
DA:82,0
DA:83,0
DA:84,0
DA:85,0
DA:86,0
DA:87,0
DA:88,0
DA:89,0
DA:90,0
LF:50
LH:0
end_of_record
SF:lib/pages/navigator/app_navigator.dart
DA:35,0
DA:39,0
DA:42,0
DA:47,0
DA:49,0
DA:50,0
DA:54,0
DA:56,0
DA:60,0
DA:62,0
DA:63,0
DA:64,0
DA:67,0
DA:68,0
DA:69,0
DA:72,0
DA:73,0
DA:92,0
DA:95,0
DA:102,0
DA:105,0
DA:107,0
DA:108,0
DA:110,0
DA:111,0
DA:112,0
DA:115,0
DA:119,0
DA:120,0
DA:122,0
DA:125,0
DA:126,0
DA:128,0
DA:131,0
DA:134,0
DA:135,0
DA:138,0
DA:139,0
DA:145,0
DA:147,0
DA:150,0
DA:151,0
DA:153,0
DA:156,0
DA:159,0
DA:161,0
DA:162,0
DA:163,0
DA:165,0
DA:171,0
DA:173,0
DA:174,0
DA:175,0
DA:178,0
DA:180,0
DA:181,0
DA:184,0
DA:186,0
DA:187,0
DA:190,0
DA:193,0
DA:196,0
DA:201,0
DA:203,0
DA:204,0
DA:210,0
DA:211,0
DA:214,0
DA:215,0
DA:217,0
DA:224,0
DA:225,0
DA:227,0
DA:228,0
DA:231,0
DA:236,0
DA:237,0
DA:239,0
DA:241,0
DA:243,0
DA:246,0
DA:247,0
DA:254,0
DA:255,0
DA:256,0
DA:262,0
DA:264,0
DA:267,0
DA:268,0
DA:276,0
DA:278,0
DA:279,0
DA:280,0
DA:283,0
DA:284,0
DA:289,0
DA:290,0
DA:302,0
DA:303,0
DA:307,0
DA:309,0
DA:310,0
DA:313,0
DA:321,0
DA:322,0
DA:325,0
DA:331,0
DA:332,0
DA:335,0
DA:336,0
DA:339,0
DA:340,0
DA:343,0
DA:373,0
DA:376,0
DA:379,0
DA:383,0
DA:389,0
DA:390,0
DA:393,0
DA:394,0
DA:397,0
DA:398,0
DA:401,0
DA:402,0
DA:405,0
DA:408,0
DA:409,0
LF:128
LH:0
end_of_record
SF:lib/cards/product_cards/smooth_product_card_loading.dart
DA:17,0
DA:25,0
DA:27,0
DA:35,0
DA:37,0
DA:38,0
DA:41,0
DA:43,0
DA:44,0
DA:46,0
DA:49,0
DA:50,0
DA:51,0
DA:52,0
DA:53,0
DA:54,0
DA:60,0
DA:61,0
DA:66,0
DA:69,0
DA:71,0
DA:72,0
DA:79,0
DA:84,0
DA:85,0
DA:86,0
DA:96,0
DA:98,0
DA:100,0
DA:101,0
DA:102,0
DA:105,0
DA:111,0
DA:113,0
DA:117,0
DA:119,0
DA:120,0
DA:121,0
DA:124,0
DA:129,0
DA:130,0
DA:133,0
DA:134,0
DA:136,0
DA:140,0
DA:142,0
DA:159,0
DA:160,0
DA:163,0
DA:164,0
DA:165,0
DA:166,0
DA:167,0
DA:169,0
DA:170,0
DA:171,0
DA:173,0
DA:176,0
DA:188,0
DA:189,0
DA:190,0
DA:191,0
DA:192,0
DA:193,0
DA:194,0
DA:198,0
DA:199,0
DA:202,0
DA:203,0
DA:206,0
DA:207,0
DA:210,0
DA:213,0
DA:215,0
DA:216,0
LF:75
LH:0
end_of_record
SF:lib/generic_lib/buttons/smooth_simple_button.dart
DA:7,3
DA:25,3
DA:27,3
DA:28,3
DA:29,3
DA:30,3
DA:32,3
DA:33,3
DA:34,3
DA:36,0
DA:37,3
DA:38,6
DA:40,6
DA:41,2
DA:42,0
DA:43,0
DA:47,6
DA:48,2
DA:53,3
DA:54,3
DA:55,3
DA:56,3
LF:22
LH:19
end_of_record
SF:lib/helpers/analytics_helper.dart
DA:179,0
DA:182,0
DA:187,0
DA:189,0
DA:190,0
DA:193,0
DA:194,0
DA:197,0
DA:198,0
DA:202,0
DA:205,0
DA:206,0
DA:208,0
DA:210,0
DA:214,0
DA:215,0
DA:216,0
DA:217,0
DA:223,0
DA:224,0
DA:225,0
DA:226,0
DA:234,0
DA:239,0
DA:246,0
DA:247,0
DA:251,0
DA:259,5
DA:263,0
DA:264,0
DA:268,10
DA:271,5
DA:279,5
DA:285,0
DA:286,0
DA:287,0
DA:288,0
DA:296,0
DA:301,0
DA:302,0
DA:303,0
DA:304,0
DA:305,0
DA:306,0
DA:312,0
DA:318,0
DA:319,0
DA:323,0
DA:327,0
DA:330,0
DA:331,0
DA:332,0
DA:333,0
DA:334,0
DA:335,0
DA:339,0
DA:344,0
DA:346,0
DA:352,0
DA:359,0
DA:360,0
DA:362,0
DA:369,0
DA:370,0
DA:375,0
DA:376,0
DA:379,0
LF:67
LH:4
end_of_record
SF:lib/cards/product_cards/smooth_product_card_not_found.dart
DA:12,0
DA:16,0
DA:22,0
DA:24,0
DA:25,0
DA:27,0
DA:31,0
DA:34,0
DA:35,0
DA:37,0
DA:38,0
DA:39,0
DA:41,0
DA:44,0
DA:49,0
DA:51,0
DA:52,0
DA:53,0
DA:57,0
DA:59,0
DA:60,0
DA:61,0
DA:62,0
DA:66,0
DA:67,0
DA:70,0
DA:71,0
DA:72,0
DA:74,0
LF:29
LH:0
end_of_record
SF:lib/generic_lib/buttons/smooth_large_button_with_icon.dart
DA:6,0
DA:28,0
DA:29,0
DA:31,0
DA:32,0
DA:34,0
DA:36,0
DA:37,0
DA:39,0
DA:40,0
DA:43,0
DA:45,0
DA:46,0
DA:47,0
DA:48,0
DA:50,0
DA:51,0
DA:52,0
DA:53,0
DA:56,0
DA:58,0
DA:59,0
DA:62,0
DA:68,0
DA:69,0
DA:70,0
DA:71,0
LF:27
LH:0
end_of_record
SF:lib/cards/product_cards/smooth_product_card_template.dart
DA:13,11
DA:25,0
DA:27,0
DA:28,0
DA:29,0
DA:32,0
DA:33,0
DA:35,0
DA:36,0
DA:42,0
DA:43,0
DA:44,0
DA:48,0
DA:53,0
DA:54,0
DA:58,0
DA:62,0
DA:63,0
DA:64,0
DA:65,0
DA:66,0
DA:71,0
DA:72,0
DA:73,0
DA:74,0
DA:77,0
DA:78,0
DA:79,0
DA:81,0
DA:82,0
DA:85,0
DA:86,0
DA:88,0
DA:91,0
DA:92,0
DA:97,0
DA:104,0
DA:106,0
DA:107,0
DA:108,0
DA:110,0
DA:114,0
DA:116,0
DA:117,0
LF:44
LH:1
end_of_record
SF:lib/generic_lib/widgets/images/smooth_image.dart
DA:12,0
DA:30,0
DA:32,0
DA:34,0
DA:35,0
DA:36,0
DA:37,0
DA:38,0
DA:41,0
DA:42,0
DA:45,0
DA:47,0
DA:48,0
DA:49,0
DA:50,0
DA:51,0
DA:57,0
DA:62,0
DA:64,0
DA:65,0
DA:71,0
DA:72,0
DA:80,0
DA:82,0
DA:84,0
DA:85,0
DA:89,0
DA:99,0
DA:104,0
DA:105,0
DA:107,0
DA:108,0
DA:109,0
DA:121,11
DA:129,0
DA:130,0
DA:138,0
DA:140,0
DA:142,0
DA:143,0
DA:148,0
DA:149,0
DA:154,0
DA:157,0
DA:161,0
DA:164,0
DA:165,0
DA:166,0
DA:168,0
DA:169,0
DA:173,0
DA:174,0
DA:177,0
DA:179,0
DA:180,0
DA:181,0
DA:186,11
DA:188,0
DA:190,0
DA:197,0
DA:203,0
DA:205,0
DA:213,0
DA:215,0
DA:216,0
DA:222,0
DA:224,0
DA:226,0
DA:230,0
DA:232,0
DA:233,0
DA:236,0
DA:238,0
DA:239,0
LF:74
LH:2
end_of_record
SF:lib/cards/product_cards/smooth_product_card_thanks.dart
DA:10,11
DA:12,0
DA:14,0
DA:16,0
DA:17,0
DA:18,0
DA:23,0
DA:26,0
DA:27,0
DA:31,0
DA:34,0
DA:35,0
LF:12
LH:1
end_of_record
SF:lib/data_models/abstract_onboarding_data.dart
DA:9,0
DA:17,0
DA:19,0
DA:20,0
DA:25,0
DA:26,0
DA:34,0
DA:35,0
DA:38,0
DA:40,0
DA:41,0
DA:42,0
DA:50,0
DA:54,0
DA:70,0
DA:71,0
DA:72,0
LF:17
LH:0
end_of_record
SF:lib/database/dao_string.dart
DA:12,0
DA:16,0
DA:17,0
DA:19,0
DA:22,0
DA:24,0
DA:26,0
DA:27,0
LF:8
LH:0
end_of_record
SF:lib/data_models/fetched_product.dart
DA:17,22
DA:26,0
DA:28,0
DA:34,11
DA:35,0
DA:38,11
DA:39,0
DA:42,0
DA:46,0
DA:65,0
DA:68,0
DA:69,0
DA:71,0
DA:73,0
DA:74,0
DA:75,0
DA:76,0
DA:77,0
DA:79,0
DA:80,0
DA:81,0
DA:84,0
DA:85,0
LF:23
LH:3
end_of_record
SF:lib/data_models/product_list.dart
DA:43,0
DA:52,0
DA:58,0
DA:67,0
DA:73,0
DA:82,0
DA:87,0
DA:95,0
DA:100,0
DA:108,0
DA:113,0
DA:121,0
DA:126,0
DA:134,0
DA:139,0
DA:147,0
DA:149,0
DA:151,0
DA:153,0
DA:154,0
DA:179,0
DA:181,0
DA:187,0
DA:188,0
DA:191,0
DA:196,0
DA:197,0
DA:198,0
DA:199,0
DA:200,0
DA:202,0
DA:205,0
DA:206,0
DA:207,0
DA:210,0
DA:211,0
DA:213,0
DA:214,0
DA:218,0
DA:219,0
DA:220,0
DA:221,0
DA:222,0
DA:223,0
DA:224,0
DA:225,0
DA:226,0
DA:227,0
DA:229,0
DA:230,0
DA:231,0
DA:236,0
DA:237,0
DA:238,0
DA:239,0
DA:240,0
DA:241,0
DA:242,0
DA:243,0
DA:244,0
DA:245,0
DA:246,0
DA:247,0
DA:248,0
DA:249,0
DA:250,0
DA:251,0
DA:252,0
DA:253,0
DA:254,0
DA:259,0
LF:71
LH:0
end_of_record
SF:lib/database/dao_product_list.dart
DA:16,0
DA:22,0
DA:23,0
DA:24,0
DA:29,0
DA:30,0
DA:31,0
DA:32,0
DA:33,0
DA:52,0
DA:54,0
DA:55,0
DA:58,0
DA:62,0
DA:65,0
DA:67,0
DA:68,0
DA:69,0
DA:74,0
DA:79,0
DA:80,0
DA:82,0
DA:83,0
DA:85,0
DA:87,0
DA:88,0
DA:90,0
DA:91,0
DA:92,0
DA:98,0
DA:99,0
DA:106,0
DA:107,0
DA:109,0
DA:111,0
DA:112,0
DA:113,0
DA:114,0
DA:116,0
DA:119,0
DA:120,0
DA:123,0
DA:124,0
DA:125,0
DA:126,0
DA:128,0
DA:129,0
DA:130,0
DA:134,0
DA:137,0
DA:138,0
DA:139,0
DA:141,0
DA:145,0
DA:146,0
DA:148,0
DA:149,0
DA:150,0
DA:151,0
DA:152,0
DA:155,0
DA:160,0
DA:161,0
DA:162,0
DA:163,0
DA:164,0
DA:165,0
DA:168,0
DA:172,0
DA:173,0
DA:176,0
DA:177,0
DA:178,0
DA:181,0
DA:189,0
DA:193,0
DA:196,0
DA:198,0
DA:200,0
DA:201,0
DA:202,0
DA:203,0
DA:206,0
DA:207,0
DA:208,0
DA:214,0
DA:219,0
DA:222,0
DA:224,0
DA:226,0
DA:230,0
DA:235,0
DA:237,0
DA:238,0
DA:243,0
DA:248,0
DA:252,0
DA:254,0
DA:257,0
DA:259,0
DA:260,0
DA:263,0
DA:264,0
DA:269,0
DA:270,0
DA:273,0
DA:277,0
DA:279,0
DA:280,0
DA:281,0
DA:282,0
DA:287,0
DA:288,0
DA:289,0
DA:293,0
DA:294,0
DA:297,0
DA:302,0
DA:308,0
DA:309,0
DA:310,0
DA:311,0
DA:312,0
DA:313,0
DA:316,0
DA:322,0
DA:325,0
DA:326,0
DA:327,0
DA:328,0
DA:329,0
DA:332,0
DA:336,0
DA:337,0
DA:340,0
DA:341,0
DA:368,0
DA:369,0
LF:138
LH:0
end_of_record
SF:lib/helpers/collections_helper.dart
DA:12,0
DA:13,0
DA:16,0
DA:21,0
DA:22,0
DA:23,0
DA:26,0
DA:27,0
DA:29,0
DA:30,0
DA:34,0
DA:36,0
DA:37,0
DA:39,0
DA:43,0
DA:46,0
DA:48,0
DA:49,0
DA:53,0
DA:55,0
DA:60,0
DA:65,0
DA:66,0
DA:75,0
DA:77,0
DA:81,0
DA:82,0
DA:83,0
DA:85,0
DA:88,0
DA:89,0
DA:94,0
DA:96,0
DA:100,0
DA:101,0
DA:105,0
DA:106,0
DA:107,0
DA:114,5
DA:118,0
DA:123,10
DA:125,0
DA:128,5
DA:135,5
DA:136,5
DA:137,5
DA:140,0
DA:141,0
LF:48
LH:6
end_of_record
SF:lib/query/barcode_product_query.dart
DA:10,0
DA:20,0
DA:21,0
DA:23,0
DA:24,0
DA:25,0
DA:27,0
DA:28,0
DA:32,0
DA:33,0
DA:34,0
DA:36,0
DA:39,0
DA:41,0
LF:14
LH:0
end_of_record
SF:lib/data_models/database_product_list_supplier.dart
DA:10,0
DA:14,0
DA:17,0
DA:21,0
DA:25,0
DA:26,0
DA:30,0
DA:36,0
DA:38,0
DA:39,0
DA:43,0
DA:47,0
DA:49,0
LF:13
LH:0
end_of_record
SF:lib/data_models/product_list_supplier.dart
DA:11,0
DA:37,0
DA:38,0
DA:39,0
DA:41,0
DA:42,0
DA:43,0
DA:47,0
DA:51,0
DA:52,0
DA:55,0
DA:56,0
LF:12
LH:0
end_of_record
SF:lib/data_models/query_product_list_supplier.dart
DA:11,0
DA:14,0
DA:16,0
DA:19,0
DA:20,0
DA:21,0
DA:22,0
DA:23,0
DA:24,0
DA:25,0
DA:26,0
DA:28,0
DA:31,0
DA:35,0
LF:14
LH:0
end_of_record
SF:lib/query/paged_product_query.dart
DA:7,1
DA:14,0
DA:17,0
DA:25,0
DA:28,0
DA:33,0
DA:35,0
DA:37,0
DA:38,0
DA:39,0
DA:40,0
DA:41,0
LF:12
LH:1
end_of_record
SF:lib/data_models/downloadable_string.dart
DA:6,0
DA:17,0
DA:24,0
DA:25,0
DA:26,0
DA:27,0
DA:29,0
DA:31,0
DA:32,0
DA:33,0
DA:34,0
DA:37,0
LF:12
LH:0
end_of_record
SF:lib/data_models/github_contributors_model.dart
DA:2,0
DA:8,0
DA:9,0
DA:10,0
DA:11,0
LF:5
LH:0
end_of_record
SF:lib/data_models/onboarding_data_product.dart
DA:13,0
DA:16,0
DA:21,0
DA:22,0
DA:24,0
DA:29,0
DA:32,0
DA:33,0
DA:36,0
DA:38,0
DA:39,0
DA:42,0
DA:43,0
DA:45,0
DA:46,0
LF:15
LH:0
end_of_record
SF:lib/data_models/onboarding_loader.dart
DA:11,0
DA:18,0
DA:22,0
DA:24,0
DA:25,0
DA:27,0
DA:28,0
DA:29,0
DA:32,0
DA:33,0
DA:36,0
DA:37,0
DA:38,0
DA:46,0
DA:47,0
DA:48,0
DA:49,0
DA:50,0
DA:51,0
DA:52,0
DA:55,0
DA:57,0
DA:59,0
DA:66,0
DA:67,0
DA:70,0
DA:71,0
LF:27
LH:0
end_of_record
SF:lib/generic_lib/loading_dialog.dart
DA:12,0
DA:18,0
DA:24,0
DA:25,0
DA:28,0
DA:36,0
DA:40,0
DA:42,0
DA:44,0
DA:45,0
DA:46,0
DA:47,0
DA:48,0
DA:50,0
DA:53,0
DA:55,0
DA:57,0
DA:63,0
DA:64,0
DA:65,0
DA:72,0
DA:78,0
DA:81,0
DA:82,0
DA:87,0
DA:88,0
DA:91,0
DA:93,0
DA:97,0
DA:102,0
DA:103,0
DA:104,0
DA:106,0
DA:107,0
DA:108,0
DA:111,0
DA:113,0
DA:117,0
DA:118,0
DA:119,0
LF:40
LH:0
end_of_record
SF:lib/pages/onboarding/onboarding_flow_navigator.dart
DA:30,0
DA:31,0
DA:32,0
DA:33,0
DA:35,0
DA:38,0
DA:39,0
DA:40,0
DA:41,0
DA:43,0
DA:46,0
DA:47,0
DA:49,0
DA:51,0
DA:53,0
DA:54,0
DA:56,0
DA:58,0
DA:60,0
DA:62,0
DA:64,0
DA:66,0
DA:68,0
DA:70,0
DA:76,0
DA:77,0
DA:78,0
DA:80,0
DA:81,0
DA:82,0
DA:83,0
DA:84,0
DA:85,0
DA:86,0
DA:88,0
DA:90,0
DA:91,0
DA:93,0
DA:95,0
DA:96,0
DA:98,0
DA:100,0
DA:101,0
DA:103,0
DA:105,0
DA:106,0
DA:108,0
DA:110,0
DA:111,0
DA:113,0
DA:115,0
DA:116,0
DA:120,0
DA:124,0
DA:125,0
DA:127,0
DA:128,0
DA:138,0
DA:139,0
DA:140,0
DA:147,0
DA:149,0
DA:150,0
DA:151,0
DA:153,0
DA:154,0
DA:157,0
DA:158,0
DA:160,0
DA:164,0
DA:166,0
DA:167,0
DA:168,0
LF:73
LH:0
end_of_record
SF:lib/data_models/partial_product_list.dart
DA:9,0
DA:11,0
DA:13,0
DA:14,0
DA:15,0
DA:18,0
DA:19,0
DA:20,0
LF:8
LH:0
end_of_record
SF:lib/data_models/personalized_ranking_model.dart
DA:15,0
DA:19,0
DA:28,0
DA:29,0
DA:35,0
DA:37,0
DA:38,0
DA:42,0
DA:45,0
DA:46,0
DA:50,0
DA:51,0
DA:52,0
DA:53,0
DA:57,0
DA:58,0
DA:61,0
DA:64,0
DA:68,0
DA:69,0
DA:70,0
DA:73,0
DA:74,0
DA:77,0
DA:82,0
DA:86,0
DA:91,0
DA:92,0
DA:93,0
DA:98,0
DA:99,0
DA:101,0
DA:102,0
DA:104,0
DA:105,0
DA:107,0
DA:108,0
DA:109,0
DA:112,0
DA:113,0
LF:40
LH:0
end_of_record
SF:lib/pages/preferences/user_preferences_dev_mode.dart
DA:29,0
DA:34,0
DA:58,0
DA:61,0
DA:62,0
DA:64,0
DA:65,0
DA:67,0
DA:68,0
DA:70,0
DA:74,0
DA:77,0
DA:78,0
DA:79,0
DA:80,0
DA:81,0
DA:82,0
DA:84,0
DA:86,0
DA:87,0
DA:88,0
DA:90,0
DA:92,0
DA:93,0
DA:94,0
DA:95,0
DA:96,0
DA:97,0
DA:100,0
DA:101,0
DA:102,0
DA:103,0
DA:105,0
DA:106,0
DA:107,0
DA:121,0
DA:122,0
DA:123,0
DA:124,0
DA:125,0
DA:126,0
DA:128,0
DA:130,0
DA:131,0
DA:132,0
DA:134,0
DA:135,0
DA:137,0
DA:140,0
DA:142,0
DA:143,0
DA:145,0
DA:146,0
DA:148,0
DA:151,0
DA:154,0
DA:156,0
DA:157,0
DA:159,0
DA:162,0
DA:163,0
DA:164,0
DA:165,0
DA:166,0
DA:168,0
DA:169,0
DA:171,0
DA:172,0
DA:173,0
DA:174,0
DA:175,0
DA:176,0
DA:181,0
DA:182,0
DA:183,0
DA:184,0
DA:186,0
DA:187,0
DA:188,0
DA:189,0
DA:194,0
DA:197,0
DA:198,0
DA:199,0
DA:200,0
DA:201,0
DA:202,0
DA:205,0
DA:207,0
DA:208,0
DA:209,0
DA:210,0
DA:212,0
DA:213,0
DA:216,0
DA:217,0
DA:221,0
DA:222,0
DA:223,0
DA:229,0
DA:230,0
DA:231,0
DA:232,0
DA:233,0
DA:234,0
DA:238,0
DA:239,0
DA:240,0
DA:244,0
DA:245,0
DA:246,0
DA:247,0
DA:251,0
DA:254,0
DA:256,0
DA:263,0
DA:264,0
DA:268,0
DA:269,0
DA:270,0
DA:271,0
DA:272,0
DA:273,0
DA:275,0
DA:276,0
DA:278,0
DA:280,0
DA:283,0
DA:286,0
DA:287,0
DA:288,0
DA:291,0
DA:294,0
DA:296,0
DA:297,0
DA:299,0
DA:302,0
DA:304,0
DA:305,0
DA:308,0
DA:310,0
DA:311,0
DA:312,0
DA:319,0
DA:320,0
DA:321,0
DA:322,0
DA:326,0
DA:327,0
DA:328,0
DA:329,0
DA:330,0
DA:331,0
DA:332,0
DA:333,0
DA:334,0
DA:335,0
DA:336,0
DA:337,0
DA:339,0
DA:340,0
DA:341,0
DA:345,0
DA:346,0
DA:347,0
DA:348,0
LF:166
LH:0
end_of_record
SF:lib/themes/color_schemes.dart
DA:88,5
DA:89,5
DA:90,5
DA:95,5
DA:97,5
DA:100,5
DA:103,0
LF:7
LH:6
end_of_record
SF:lib/data_models/product_query_model.dart
DA:11,0
DA:12,0
DA:17,0
DA:23,0
DA:25,0
DA:26,0
DA:28,0
DA:32,0
DA:33,0
DA:34,0
DA:35,0
DA:37,0
DA:38,0
DA:41,0
DA:43,0
DA:46,0
DA:47,0
DA:50,0
DA:53,0
DA:55,0
DA:58,0
DA:59,0
DA:62,0
DA:66,0
DA:67,0
DA:70,0
DA:75,0
DA:76,0
DA:78,0
DA:79,0
LF:30
LH:0
end_of_record
SF:lib/data_models/tagline.dart
DA:14,0
DA:15,0
DA:18,0
DA:19,0
DA:21,0
DA:24,0
DA:25,0
DA:26,0
DA:27,0
DA:28,0
DA:29,0
DA:33,0
DA:34,0
DA:42,0
DA:43,0
DA:44,0
DA:45,0
DA:46,0
DA:47,0
DA:48,0
DA:49,0
DA:59,0
DA:60,0
DA:63,0
DA:64,0
DA:68,0
DA:70,0
DA:71,0
DA:74,0
DA:80,0
DA:81,0
DA:82,0
DA:87,0
LF:33
LH:0
end_of_record
SF:lib/data_models/up_to_date_interest.dart
DA:7,0
DA:8,0
DA:9,0
DA:15,0
DA:16,0
DA:17,0
DA:18,0
DA:21,0
DA:25,0
DA:27,0
LF:10
LH:0
end_of_record
SF:lib/data_models/up_to_date_product_list_mixin.dart
DA:10,0
DA:14,0
DA:15,0
DA:16,0
DA:17,0
DA:18,0
DA:19,0
DA:27,0
DA:29,0
DA:30,0
DA:31,0
DA:32,0
DA:33,0
DA:34,0
DA:35,0
DA:36,0
DA:40,0
DA:42,0
DA:43,0
DA:50,0
DA:52,0
DA:53,0
LF:22
LH:0
end_of_record
SF:lib/data_models/up_to_date_product_list_provider.dart
DA:8,0
DA:24,0
DA:25,0
DA:30,0
DA:31,0
DA:32,0
DA:35,0
DA:38,0
DA:39,0
DA:41,0
DA:45,0
DA:48,0
DA:52,0
DA:53,0
LF:14
LH:0
end_of_record
SF:lib/data_models/up_to_date_product_provider.dart
DA:11,0
DA:12,0
DA:33,0
DA:38,0
DA:39,0
DA:40,0
DA:50,0
DA:55,0
DA:56,0
DA:60,0
DA:61,0
DA:65,0
DA:69,0
DA:70,0
DA:72,0
DA:77,0
DA:81,0
DA:85,0
DA:86,0
DA:88,0
DA:92,0
DA:97,0
DA:98,0
DA:99,0
DA:100,0
DA:105,0
DA:106,0
DA:109,0
DA:110,0
DA:114,0
DA:118,0
DA:119,0
DA:120,0
DA:121,0
DA:125,0
DA:127,0
DA:130,0
DA:131,0
DA:132,0
LF:39
LH:0
end_of_record
SF:lib/data_models/user_management_provider.dart
DA:14,0
DA:15,0
DA:16,0
DA:19,0
DA:20,0
DA:25,0
DA:27,0
DA:28,0
DA:29,0
DA:30,0
DA:37,1
DA:43,0
DA:44,0
DA:45,0
DA:48,0
DA:49,0
DA:50,0
DA:58,1
DA:63,0
DA:64,0
DA:65,0
DA:71,0
DA:73,0
DA:75,0
DA:77,0
DA:79,0
DA:81,0
DA:86,0
DA:87,0
DA:90,0
DA:91,0
DA:92,0
DA:93,0
DA:94,0
DA:97,0
DA:98,0
DA:99,0
DA:100,0
DA:102,0
DA:104,0
LF:40
LH:2
end_of_record
SF:lib/database/dao_secured_string.dart
DA:5,0
DA:7,0
DA:9,0
DA:11,0
DA:12,0
DA:14,0
DA:15,0
DA:16,0
DA:19,0
DA:20,0
LF:10
LH:0
end_of_record
SF:lib/database/abstract_dao.dart
DA:5,0
LF:1
LH:0
end_of_record
SF:lib/database/abstract_sql_dao.dart
DA:5,0
LF:1
LH:0
end_of_record
SF:lib/database/bulk_manager.dart
DA:22,0
DA:28,0
DA:29,0
DA:30,0
DA:31,0
DA:34,0
DA:35,0
DA:37,0
DA:38,0
DA:39,0
DA:41,0
DA:42,0
DA:43,0
DA:44,0
DA:45,0
DA:46,0
DA:47,0
DA:48,0
DA:49,0
DA:50,0
DA:52,0
DA:58,0
DA:65,0
DA:66,0
DA:70,0
DA:71,0
DA:72,0
DA:73,0
DA:74,0
DA:75,0
DA:77,0
DA:78,0
DA:80,0
DA:83,0
LF:34
LH:0
end_of_record
SF:lib/database/dao_hive_product.dart
DA:14,0
DA:16,0
DA:18,0
DA:20,0
DA:28,0
DA:29,0
DA:33,0
DA:34,0
DA:36,0
DA:37,0
DA:39,0
DA:41,0
DA:43,0
DA:45,0
DA:46,0
DA:47,0
DA:48,0
DA:50,0
DA:56,0
DA:58,0
DA:59,0
DA:60,0
DA:61,0
DA:63,0
DA:66,0
DA:68,0
DA:69,0
DA:70,0
DA:71,0
DA:77,0
DA:79,0
DA:80,0
LF:32
LH:0
end_of_record
SF:lib/database/dao_product_migration.dart
DA:10,0
DA:14,0
DA:15,0
DA:20,0
DA:22,0
DA:23,0
DA:24,0
DA:26,0
DA:28,0
DA:29,0
DA:30,0
DA:31,0
DA:32,0
DA:33,0
DA:38,0
DA:39,0
DA:40,0
DA:41,0
LF:18
LH:0
end_of_record
SF:lib/database/dao_string_list_map.dart
DA:6,0
DA:11,0
DA:13,0
DA:15,0
DA:18,0
DA:19,0
DA:22,0
DA:23,0
DA:25,0
DA:27,0
DA:28,0
DA:29,0
DA:34,0
DA:35,0
DA:36,0
DA:37,0
DA:38,0
DA:40,0
DA:41,0
DA:45,0
DA:47,0
DA:48,0
DA:51,0
DA:52,0
DA:53,0
DA:54,0
DA:55,0
DA:61,0
DA:62,0
DA:64,0
DA:65,0
DA:66,0
DA:67,0
DA:73,0
DA:74,0
DA:80,0
DA:81,0
DA:83,0
DA:84,0
DA:85,0
LF:40
LH:0
end_of_record
SF:lib/generic_lib/animations/smooth_reveal_animation.dart
DA:6,1
DA:19,1
DA:20,1
DA:29,1
DA:31,1
DA:32,2
DA:34,3
DA:35,1
DA:36,3
DA:37,1
DA:38,3
DA:39,1
DA:41,5
DA:42,0
DA:46,1
DA:48,2
DA:49,2
DA:50,1
DA:53,1
DA:55,1
DA:56,1
DA:57,1
DA:58,1
DA:59,2
LF:24
LH:23
end_of_record
SF:lib/generic_lib/bottom_sheets/smooth_bottom_sheet.dart
DA:8,0
DA:13,0
DA:15,0
DA:26,0
DA:34,0
DA:37,0
DA:38,0
DA:46,0
DA:52,0
DA:55,0
DA:65,0
DA:67,0
DA:69,0
DA:73,0
DA:75,0
DA:76,0
DA:77,0
DA:78,0
DA:79,0
DA:86,0
DA:87,0
DA:91,0
DA:101,0
DA:103,0
DA:105,0
DA:106,0
DA:107,0
DA:109,0
DA:113,0
DA:114,0
DA:116,0
DA:117,0
DA:118,0
DA:119,0
DA:120,0
DA:122,0
DA:123,0
DA:126,0
DA:132,0
DA:139,0
DA:140,0
DA:141,0
DA:142,0
DA:146,0
DA:148,0
DA:149,0
DA:151,0
DA:154,0
DA:160,0
DA:179,0
DA:181,0
DA:182,0
DA:185,0
DA:186,0
DA:187,0
DA:188,0
DA:189,0
DA:195,0
DA:198,0
DA:203,0
DA:204,0
DA:205,0
DA:206,0
DA:211,0
DA:212,0
DA:219,0
DA:223,0
DA:233,0
DA:235,0
DA:236,0
DA:237,0
DA:240,0
DA:246,0
DA:252,0
DA:254,0
DA:255,0
DA:258,0
DA:259,0
DA:260,0
DA:262,0
DA:263,0
DA:274,0
DA:276,0
DA:278,0
LF:84
LH:0
end_of_record
SF:lib/generic_lib/bottom_sheets/smooth_draggable_bottom_sheet_route.dart
DA:5,0
DA:16,0
DA:17,0
DA:18,0
DA:20,0
DA:21,0
DA:22,0
DA:35,0
DA:44,0
DA:56,0
DA:59,0
DA:62,0
DA:67,0
DA:69,0
DA:70,0
DA:71,0
DA:74,0
DA:77,0
DA:83,0
DA:86,0
DA:87,0
DA:88,0
DA:89,0
DA:90,0
DA:91,0
DA:92,0
DA:93,0
DA:97,0
DA:98,0
DA:103,0
DA:114,0
DA:115,0
DA:118,0
DA:119,0
DA:120,0
DA:129,0
LF:36
LH:0
end_of_record
SF:lib/generic_lib/bottom_sheets/smooth_draggable_bottom_sheet.dart
DA:5,0
DA:16,0
DA:17,0
DA:29,0
DA:31,0
DA:40,0
DA:42,0
DA:43,0
DA:44,0
DA:45,0
DA:48,0
DA:50,0
DA:51,0
DA:52,0
DA:53,0
DA:55,0
DA:56,0
DA:57,0
DA:58,0
DA:59,0
DA:60,0
DA:62,0
DA:64,0
DA:65,0
DA:67,0
DA:68,0
DA:69,0
DA:70,0
DA:71,0
DA:74,0
DA:76,0
DA:77,0
DA:78,0
DA:79,0
DA:80,0
DA:81,0
DA:82,0
DA:83,0
DA:84,0
DA:86,0
DA:87,0
DA:97,0
DA:98,0
DA:101,0
DA:108,0
DA:110,0
DA:111,0
DA:115,0
DA:116,0
DA:120,0
DA:121,0
DA:122,0
DA:130,0
DA:131,0
DA:132,0
DA:133,0
DA:137,0
DA:139,0
DA:148,0
DA:156,0
DA:165,0
DA:167,0
DA:173,0
DA:175,0
DA:176,0
DA:177,0
DA:178,0
DA:179,0
DA:180,0
DA:181,0
DA:182,0
DA:184,0
DA:185,0
DA:186,0
DA:189,0
DA:198,0
DA:201,0
DA:206,0
DA:209,0
DA:212,0
DA:213,0
DA:215,0
DA:216,0
DA:218,0
DA:219,0
LF:85
LH:0
end_of_record
SF:lib/themes/theme_provider.dart
DA:10,6
DA:17,6
DA:18,18
DA:20,0
DA:21,0
DA:24,0
DA:26,0
DA:28,12
DA:30,0
DA:31,0
DA:32,0
DA:35,5
DA:36,5
DA:37,5
DA:39,5
DA:41,5
DA:48,0
DA:50,0
DA:51,0
DA:52,0
DA:55,0
DA:56,0
LF:22
LH:9
end_of_record
SF:lib/generic_lib/dialogs/smooth_alert_dialog.dart
DA:27,2
DA:38,2
DA:74,2
DA:76,2
DA:78,4
DA:80,2
DA:83,2
DA:86,2
DA:88,2
DA:89,2
DA:90,2
DA:92,2
DA:93,2
DA:95,3
DA:105,1
DA:107,2
DA:108,2
DA:110,1
DA:111,1
DA:112,1
DA:113,2
DA:116,2
DA:120,1
DA:121,1
DA:122,1
DA:123,1
DA:124,1
DA:129,6
DA:131,4
DA:133,2
DA:135,2
DA:136,5
DA:137,2
DA:142,2
DA:143,2
DA:148,1
DA:158,1
DA:160,1
DA:162,1
DA:163,1
DA:165,1
DA:168,1
DA:169,1
DA:170,1
DA:171,1
DA:172,1
DA:173,1
DA:174,3
DA:178,1
DA:182,4
DA:188,1
DA:189,1
DA:190,0
DA:200,0
DA:206,0
DA:208,0
DA:209,0
DA:213,0
DA:214,0
DA:223,0
DA:245,1
DA:252,1
DA:255,0
DA:258,0
DA:269,1
DA:271,2
DA:272,1
DA:275,1
DA:276,1
DA:277,1
DA:280,1
DA:282,2
DA:283,0
DA:289,1
DA:290,1
DA:291,1
DA:297,1
DA:299,1
DA:300,1
DA:309,1
DA:310,1
DA:321,1
DA:334,1
DA:336,1
DA:338,1
DA:339,1
DA:344,0
DA:345,0
DA:352,1
DA:354,1
DA:356,1
DA:361,1
DA:363,1
DA:370,1
DA:371,0
DA:375,2
DA:376,0
DA:383,1
DA:390,2
DA:401,1
DA:407,1
DA:409,1
DA:410,1
DA:411,2
DA:414,1
DA:416,1
DA:417,2
DA:418,2
DA:419,1
DA:421,1
DA:422,3
DA:425,2
DA:426,3
DA:428,4
DA:439,1
DA:445,1
DA:447,1
DA:449,1
DA:450,1
DA:457,1
DA:458,2
DA:461,1
DA:463,1
DA:464,2
DA:465,1
DA:469,3
DA:470,2
DA:477,1
DA:478,2
DA:479,0
DA:481,2
DA:482,1
DA:484,1
DA:485,3
DA:486,1
DA:489,4
DA:493,2
DA:506,1
DA:516,1
DA:518,1
DA:519,1
DA:520,1
DA:522,1
DA:523,1
DA:524,1
DA:525,2
DA:527,1
DA:528,1
DA:529,2
DA:542,0
DA:560,0
DA:562,0
DA:563,0
DA:564,0
DA:566,0
DA:570,0
DA:571,0
DA:573,0
DA:576,0
DA:577,0
DA:579,0
DA:584,0
DA:585,0
DA:586,0
DA:587,0
DA:588,0
DA:589,0
DA:593,0
DA:596,0
DA:597,0
DA:598,0
DA:599,0
DA:605,0
DA:614,0
DA:625,0
DA:627,0
DA:632,0
DA:633,0
DA:634,0
DA:635,0
DA:636,0
DA:637,0
DA:638,0
DA:645,0
DA:646,0
DA:653,0
DA:654,0
DA:659,0
DA:661,0
DA:662,0
DA:663,0
DA:664,0
DA:670,0
DA:671,0
DA:672,0
DA:673,0
LF:196
LH:133
end_of_record
SF:lib/generic_lib/widgets/smooth_responsive.dart
DA:4,0
DA:6,2
DA:7,4
DA:10,0
DA:11,0
DA:14,0
DA:15,0
DA:18,0
DA:19,0
DA:28,2
DA:29,6
DA:32,0
DA:33,0
DA:36,0
DA:37,0
DA:40,0
DA:41,0
DA:44,0
DA:45,0
DA:47,0
DA:49,0
DA:58,2
DA:59,2
DA:62,0
DA:63,0
DA:66,0
DA:67,0
DA:70,0
DA:71,0
DA:74,0
DA:80,0
DA:93,0
DA:95,0
DA:96,0
DA:97,0
DA:98,0
DA:99,0
DA:100,0
DA:102,0
LF:39
LH:6
end_of_record
SF:lib/helpers/keyboard_helper.dart
DA:4,0
LF:1
LH:0
end_of_record
SF:lib/generic_lib/smooth_html_widget.dart
DA:8,0
DA:18,0
DA:20,0
DA:21,0
DA:22,0
DA:23,0
DA:25,0
DA:27,0
DA:29,0
DA:31,0
DA:32,0
DA:33,0
DA:41,0
DA:42,0
LF:14
LH:0
end_of_record
SF:lib/helpers/launch_url_helper.dart
DA:8,0
DA:15,0
DA:17,0
DA:20,0
DA:23,0
DA:24,0
DA:25,0
DA:30,0
DA:34,0
DA:35,0
DA:40,0
DA:45,0
DA:48,0
DA:49,0
LF:14
LH:0
end_of_record
SF:lib/generic_lib/widgets/picture_not_found.dart
DA:7,33
DA:11,0
DA:12,0
LF:3
LH:1
end_of_record
SF:lib/generic_lib/widgets/language_selector.dart
DA:13,0
DA:37,0
DA:40,0
DA:41,0
DA:43,0
DA:44,0
DA:46,0
DA:47,0
DA:48,0
DA:50,0
DA:51,0
DA:52,0
DA:54,0
DA:56,0
DA:59,0
DA:62,0
DA:63,0
DA:66,0
DA:67,0
DA:69,0
DA:71,0
DA:73,0
DA:75,0
DA:76,0
DA:79,0
DA:80,0
DA:81,0
DA:82,0
DA:83,0
DA:87,0
DA:88,0
DA:89,0
DA:101,0
DA:105,0
DA:106,0
DA:108,0
DA:110,0
DA:111,0
DA:112,0
DA:115,0
DA:117,0
DA:120,0
DA:129,0
DA:130,0
DA:134,0
DA:136,0
DA:137,0
DA:141,0
DA:142,0
DA:143,0
DA:145,0
DA:148,0
DA:149,0
DA:151,0
DA:152,0
DA:154,0
DA:155,0
DA:156,0
DA:157,0
DA:158,0
DA:159,0
DA:160,0
DA:161,0
DA:162,0
DA:163,0
DA:164,0
DA:170,0
DA:172,0
DA:173,0
DA:175,0
DA:177,0
DA:179,0
DA:180,0
DA:183,0
DA:184,0
DA:185,0
DA:188,0
DA:191,0
DA:194,0
DA:197,0
DA:198,0
DA:199,0
DA:200,0
DA:202,0
LF:84
LH:0
end_of_record
SF:lib/generic_lib/widgets/smooth_text_form_field.dart
DA:11,3
DA:44,3
DA:45,3
DA:51,3
DA:53,12
DA:54,3
DA:57,3
DA:59,9
DA:60,9
DA:61,6
DA:63,8
DA:64,3
DA:66,3
DA:67,6
DA:68,6
DA:69,6
DA:70,6
DA:71,6
DA:72,3
DA:75,6
DA:76,6
DA:77,6
DA:79,6
DA:80,0
DA:82,0
DA:83,0
DA:86,6
DA:87,3
DA:88,6
DA:89,3
DA:94,6
DA:96,3
DA:100,6
DA:112,9
DA:113,2
DA:114,2
DA:116,0
DA:117,0
DA:119,2
LF:39
LH:34
end_of_record
SF:lib/pages/preferences/user_preferences_languages_list.dart
DA:7,11
DA:199,0
DA:200,0
DA:202,0
DA:203,0
DA:204,0
DA:211,0
DA:212,0
DA:213,0
DA:214,0
DA:215,0
DA:216,0
DA:217,0
DA:218,0
DA:220,0
DA:221,0
DA:222,0
LF:17
LH:1
end_of_record
SF:lib/widgets/smooth_text.dart
DA:6,0
DA:13,0
DA:17,0
DA:24,0
DA:34,0
DA:47,0
DA:61,0
DA:63,0
DA:64,0
DA:65,0
DA:66,0
DA:67,0
DA:71,0
DA:73,0
DA:74,0
DA:75,0
DA:76,0
DA:78,0
DA:80,0
DA:82,0
DA:83,0
DA:90,0
DA:95,0
DA:96,0
DA:99,0
DA:101,0
DA:102,0
DA:105,0
DA:106,0
DA:107,0
DA:109,0
DA:110,0
DA:113,0
DA:114,0
DA:115,0
DA:116,0
DA:119,0
DA:120,0
LF:38
LH:0
end_of_record
SF:lib/generic_lib/widgets/smooth_back_button.dart
DA:9,55
DA:13,0
DA:18,1
DA:19,1
DA:21,1
DA:22,1
DA:24,1
DA:25,2
DA:26,1
DA:27,1
DA:28,1
DA:29,2
DA:30,1
DA:31,4
DA:42,1
DA:43,1
LF:16
LH:15
end_of_record
SF:lib/generic_lib/widgets/smooth_error_card.dart
DA:11,1
DA:20,1
DA:21,1
DA:30,1
DA:31,2
DA:32,2
DA:36,1
DA:37,1
DA:38,1
DA:39,1
DA:41,1
DA:42,2
DA:44,3
DA:49,1
DA:50,1
DA:52,1
DA:54,1
DA:60,1
DA:61,1
DA:64,1
DA:66,1
DA:67,1
DA:68,2
DA:69,5
DA:75,1
DA:76,2
DA:77,5
DA:80,1
DA:90,1
DA:91,1
DA:92,1
DA:95,1
DA:96,1
DA:97,1
DA:99,1
DA:100,1
DA:102,3
DA:107,1
DA:108,1
DA:112,1
DA:113,1
DA:114,1
DA:116,1
DA:122,1
DA:123,1
DA:125,1
DA:126,2
DA:135,1
DA:136,1
DA:138,1
DA:143,1
DA:145,2
DA:147,1
DA:148,1
DA:149,1
DA:151,1
DA:152,1
DA:153,1
DA:154,1
LF:59
LH:59
end_of_record
SF:lib/generic_lib/widgets/smooth_list_tile_card.dart
DA:8,0
DA:14,0
DA:18,0
DA:24,0
DA:30,0
DA:32,0
DA:41,0
DA:42,0
DA:44,0
DA:46,0
DA:47,0
DA:49,0
DA:50,0
DA:51,0
DA:52,0
DA:53,0
LF:16
LH:0
end_of_record
SF:lib/generic_lib/widgets/svg_icon.dart
DA:10,11
DA:15,0
DA:16,0
DA:17,0
DA:20,0
DA:22,0
DA:23,0
DA:33,0
DA:34,0
DA:35,0
DA:37,0
LF:11
LH:1
end_of_record
SF:lib/helpers/global_vars.dart
DA:6,0
DA:8,0
DA:9,1
DA:10,0
DA:11,0
LF:5
LH:1
end_of_record
SF:lib/helpers/attributes_card_helper.dart
DA:17,0
DA:19,0
DA:21,0
DA:23,0
DA:25,0
DA:27,0
DA:29,0
DA:35,0
DA:36,0
DA:37,0
DA:38,0
DA:40,0
DA:44,0
DA:45,0
DA:55,0
DA:56,0
DA:66,0
DA:67,0
DA:70,0
DA:71,0
DA:82,0
DA:84,0
DA:85,0
DA:87,0
DA:89,0
DA:91,0
DA:93,0
DA:101,0
DA:102,0
DA:103,0
DA:105,0
DA:108,0
DA:109,0
DA:112,0
DA:120,0
DA:122,0
DA:124,0
DA:126,0
DA:128,0
DA:130,0
DA:132,0
LF:41
LH:0
end_of_record
SF:lib/helpers/camera_helper.dart
DA:7,0
DA:12,0
DA:13,0
DA:14,0
DA:16,0
DA:21,0
DA:23,0
DA:25,0
DA:29,0
DA:31,0
DA:33,0
DA:37,0
LF:12
LH:0
end_of_record
SF:lib/pages/product/product_image_swipeable_view.dart
DA:19,0
DA:28,0
DA:42,0
DA:44,0
DA:56,0
DA:58,0
DA:59,0
DA:60,0
DA:61,0
DA:63,0
DA:64,0
DA:65,0
DA:66,0
DA:68,0
DA:72,0
DA:74,0
DA:75,0
DA:76,0
DA:77,0
DA:79,0
DA:85,0
DA:86,0
DA:87,0
DA:88,0
DA:92,0
DA:94,0
DA:97,0
DA:98,0
DA:99,0
DA:100,0
DA:101,0
DA:102,0
DA:103,0
DA:104,0
DA:105,0
DA:106,0
DA:109,0
DA:111,0
LF:38
LH:0
end_of_record
SF:lib/helpers/network_config.dart
DA:11,0
DA:12,0
DA:13,0
DA:16,0
DA:22,0
DA:26,0
DA:27,0
DA:29,0
DA:30,0
DA:32,0
DA:33,0
DA:34,0
DA:40,0
DA:48,0
DA:61,0
DA:62,0
DA:65,0
DA:66,0
DA:69,0
DA:70,0
DA:73,0
DA:74,0
DA:81,0
DA:82,0
DA:85,0
DA:88,0
DA:89,0
DA:93,0
DA:94,0
DA:97,0
DA:98,0
DA:104,0
DA:106,0
DA:107,0
DA:108,0
DA:109,0
LF:36
LH:0
end_of_record
SF:lib/helpers/permission_helper.dart
DA:9,0
DA:12,0
DA:17,0
DA:19,0
DA:21,0
DA:22,0
DA:26,0
DA:28,0
DA:33,0
DA:36,0
DA:37,0
DA:43,0
DA:46,0
DA:50,0
DA:54,0
DA:57,0
DA:61,0
DA:62,0
DA:63,0
DA:66,0
DA:67,0
DA:69,0
DA:70,0
DA:71,0
DA:73,0
DA:74,0
DA:80,0
DA:83,0
DA:84,0
DA:86,0
DA:87,0
DA:92,0
DA:94,0
DA:96,0
DA:97,0
DA:104,0
DA:106,0
DA:109,0
DA:111,0
DA:117,0
DA:121,0
DA:123,0
DA:125,0
DA:127,0
DA:129,0
DA:131,0
DA:136,0
DA:138,0
DA:140,0
LF:49
LH:0
end_of_record
SF:lib/helpers/provider_helper.dart
DA:7,0
DA:19,0
DA:20,0
DA:26,0
DA:28,0
DA:29,0
DA:30,0
DA:32,0
LF:8
LH:0
end_of_record
SF:lib/query/product_questions_query.dart
DA:10,0
DA:14,0
DA:20,0
DA:21,0
DA:22,0
DA:25,0
DA:26,0
DA:28,0
DA:29,0
DA:32,0
LF:10
LH:0
end_of_record
SF:lib/helpers/string_extension.dart
DA:2,0
LF:1
LH:0
end_of_record
SF:lib/helpers/strings_helper.dart
DA:5,1
DA:9,3
DA:11,1
DA:14,1
DA:17,3
DA:18,3
DA:19,2
DA:20,1
DA:28,1
DA:29,4
DA:30,4
DA:33,1
DA:35,2
DA:38,4
LF:14
LH:14
end_of_record
SF:lib/helpers/temp_product_list_share_helper.dart
DA:5,0
DA:6,0
DA:8,0
DA:9,0
DA:12,0
DA:13,0
DA:14,0
DA:17,0
LF:8
LH:0
end_of_record
SF:lib/helpers/text_input_formatters_helper.dart
DA:18,0
DA:19,0
DA:20,0
DA:29,0
DA:31,0
DA:32,0
DA:39,0
DA:40,0
DA:41,0
DA:48,0
DA:53,0
DA:56,0
DA:59,0
DA:60,0
DA:62,0
DA:65,0
DA:67,0
DA:68,0
DA:69,0
DA:70,0
DA:72,0
DA:77,0
DA:82,0
DA:83,0
DA:85,0
DA:86,0
DA:89,0
DA:90,0
DA:91,0
DA:94,0
DA:96,0
DA:97,0
DA:100,0
DA:101,0
DA:102,0
DA:103,0
DA:106,0
DA:110,0
DA:118,0
DA:119,0
DA:120,0
DA:121,0
DA:122,0
DA:132,0
DA:136,0
DA:137,0
DA:143,0
DA:146,0
DA:147,0
DA:148,0
DA:149,0
DA:150,0
DA:152,0
DA:154,0
DA:156,0
DA:158,0
LF:56
LH:0
end_of_record
SF:lib/helpers/user_feedback_helper.dart
DA:6,0
DA:7,0
DA:8,0
DA:10,0
DA:12,0
DA:14,0
DA:16,0
LF:7
LH:0
end_of_record
SF:lib/helpers/user_management_helper.dart
DA:5,0
DA:13,3
DA:16,0
DA:18,0
DA:19,0
DA:21,0
DA:22,0
DA:24,0
DA:25,0
DA:27,0
DA:31,0
DA:35,3
LF:12
LH:2
end_of_record
SF:lib/knowledge_panel/knowledge_panels/knowledge_panel_action_card.dart
DA:15,0
DA:20,0
DA:22,0
DA:23,0
DA:24,0
DA:26,0
DA:29,0
DA:32,0
DA:33,0
DA:35,0
DA:40,0
DA:42,0
DA:44,0
DA:48,0
DA:50,0
DA:51,0
DA:55,0
DA:56,0
DA:57,0
DA:60,0
DA:61,0
DA:62,0
DA:63,0
DA:66,0
DA:67,0
DA:69,0
DA:73,0
DA:77,0
DA:78,0
DA:79,0
DA:80,0
DA:81,0
DA:82,0
DA:83,0
DA:84,0
DA:85,0
DA:86,0
DA:92,0
DA:94,0
DA:95,0
DA:102,0
DA:104,0
DA:105,0
LF:43
LH:0
end_of_record
SF:lib/pages/product/add_nutrition_button.dart
DA:9,0
DA:13,0
DA:14,0
DA:15,0
DA:16,0
DA:17,0
LF:6
LH:0
end_of_record
SF:lib/pages/product/add_ocr_button.dart
DA:9,0
DA:17,0
DA:18,0
DA:19,0
DA:20,0
LF:5
LH:0
end_of_record
SF:lib/pages/product/add_packaging_button.dart
DA:9,0
DA:17,0
DA:18,0
DA:19,0
DA:20,0
DA:22,0
LF:6
LH:0
end_of_record
SF:lib/pages/product/add_simple_input_button.dart
DA:10,0
DA:18,0
DA:19,0
DA:20,0
DA:21,0
DA:24,0
LF:6
LH:0
end_of_record
SF:lib/pages/product/product_field_editor.dart
DA:36,0
DA:40,0
DA:41,0
DA:43,0
DA:45,0
DA:47,0
DA:53,0
DA:60,0
DA:61,0
DA:62,0
DA:65,0
DA:68,0
DA:70,0
DA:71,0
DA:72,0
DA:83,0
DA:84,0
DA:86,0
DA:88,0
DA:89,0
DA:90,0
DA:92,0
DA:94,0
DA:96,0
DA:102,0
DA:109,0
DA:111,0
DA:114,0
DA:117,0
DA:119,0
DA:120,0
DA:130,0
DA:132,0
DA:134,0
DA:136,0
DA:138,0
DA:144,0
DA:151,0
DA:153,0
DA:156,0
DA:159,0
DA:161,0
DA:162,0
DA:173,0
DA:175,0
DA:177,0
DA:179,0
DA:181,0
DA:187,0
DA:195,0
DA:199,0
DA:201,0
DA:203,0
DA:209,0
DA:216,0
DA:217,0
DA:218,0
DA:221,0
DA:224,0
DA:226,0
DA:227,0
DA:229,0
DA:239,0
DA:241,0
DA:243,0
DA:247,0
DA:249,0
DA:251,0
LF:68
LH:0
end_of_record
SF:lib/pages/product/simple_input_page_helpers.dart
DA:24,0
DA:25,0
DA:26,0
DA:27,0
DA:28,0
DA:41,0
DA:44,0
DA:47,0
DA:48,0
DA:49,0
DA:52,0
DA:55,0
DA:56,0
DA:57,0
DA:65,0
DA:66,0
DA:67,0
DA:68,0
DA:78,0
DA:90,0
DA:103,0
DA:106,0
DA:107,0
DA:110,0
DA:114,0
DA:117,0
DA:119,0
DA:120,0
DA:121,0
DA:123,0
DA:127,0
DA:128,0
DA:133,0
DA:134,0
DA:136,0
DA:137,0
DA:142,0
DA:153,0
DA:154,0
DA:156,0
DA:158,0
DA:160,0
DA:162,0
DA:164,0
DA:166,0
DA:168,0
DA:170,0
DA:172,0
DA:174,0
DA:176,0
DA:179,0
DA:182,0
DA:185,0
DA:191,0
DA:192,0
DA:194,0
DA:196,0
DA:198,0
DA:200,0
DA:202,0
DA:204,0
DA:206,0
DA:208,0
DA:210,0
DA:212,0
DA:214,0
DA:215,0
DA:216,0
DA:218,0
DA:220,0
DA:223,0
DA:226,0
DA:229,0
DA:235,0
DA:237,0
DA:239,0
DA:241,0
DA:243,0
DA:245,0
DA:247,0
DA:249,0
DA:251,0
DA:253,0
DA:255,0
DA:257,0
DA:259,0
DA:261,0
DA:263,0
DA:266,0
DA:269,0
DA:272,0
DA:279,0
DA:281,0
DA:283,0
DA:286,0
DA:287,0
DA:289,0
DA:292,0
DA:294,0
DA:296,0
DA:298,0
DA:300,0
DA:302,0
DA:304,0
DA:306,0
DA:308,0
DA:310,0
DA:312,0
DA:315,0
DA:318,0
DA:321,0
DA:328,0
DA:330,0
DA:332,0
DA:335,0
DA:336,0
DA:338,0
DA:341,0
DA:343,0
DA:345,0
DA:347,0
DA:349,0
DA:350,0
DA:351,0
DA:353,0
DA:355,0
DA:357,0
DA:359,0
DA:361,0
DA:363,0
DA:365,0
DA:368,0
DA:371,0
DA:375,0
DA:381,0
DA:383,0
DA:385,0
DA:388,0
DA:389,0
DA:391,0
DA:394,0
DA:396,0
DA:398,0
DA:400,0
DA:402,0
DA:404,0
DA:406,0
DA:408,0
DA:410,0
DA:412,0
DA:414,0
DA:417,0
DA:420,0
DA:423,0
LF:154
LH:0
end_of_record
SF:lib/knowledge_panel/knowledge_panels/knowledge_panel_card.dart
DA:12,0
DA:24,0
DA:26,0
DA:28,0
DA:30,0
DA:34,0
DA:35,0
DA:36,0
DA:37,0
DA:42,0
DA:44,0
DA:46,0
DA:51,0
DA:53,0
DA:54,0
DA:55,0
DA:56,0
DA:57,0
DA:58,0
DA:67,0
DA:71,0
DA:75,0
DA:76,0
DA:77,0
DA:78,0
DA:79,0
DA:80,0
DA:81,0
LF:28
LH:0
end_of_record
SF:lib/knowledge_panel/knowledge_panels/knowledge_panel_expanded_card.dart
DA:7,0
DA:17,0
DA:20,0
DA:21,0
DA:22,0
DA:27,0
DA:29,0
DA:30,0
DA:31,0
DA:33,0
DA:34,0
DA:37,0
DA:38,0
DA:46,0
LF:14
LH:0
end_of_record
SF:lib/knowledge_panel/knowledge_panels/knowledge_panel_page.dart
DA:18,0
DA:26,0
DA:27,0
DA:32,0
DA:35,0
DA:37,0
DA:38,0
DA:41,0
DA:44,0
DA:50,0
DA:52,0
DA:53,0
DA:54,0
DA:55,0
DA:56,0
DA:57,0
DA:61,0
DA:62,0
DA:63,0
DA:65,0
DA:66,0
DA:67,0
DA:68,0
DA:69,0
DA:74,0
DA:78,0
DA:79,0
DA:80,0
DA:94,0
DA:97,0
DA:98,0
DA:101,0
DA:110,0
DA:112,0
DA:113,0
DA:114,0
DA:115,0
DA:117,0
DA:118,0
DA:119,0
DA:121,0
DA:122,0
LF:42
LH:0
end_of_record
SF:lib/knowledge_panel/knowledge_panels_builder.dart
DA:23,0
DA:25,0
DA:31,0
DA:33,0
DA:34,0
DA:36,0
DA:37,0
DA:42,0
DA:43,0
DA:44,0
DA:48,0
DA:49,0
DA:50,0
DA:56,0
DA:62,0
DA:63,0
DA:64,0
DA:67,0
DA:71,0
DA:72,0
DA:75,0
DA:76,0
DA:80,0
DA:81,0
DA:83,0
DA:89,0
DA:90,0
DA:91,0
DA:100,0
DA:104,0
DA:105,0
DA:109,0
DA:112,0
DA:113,0
DA:118,0
DA:120,0
DA:121,0
DA:130,0
DA:134,0
DA:137,0
DA:141,0
DA:145,0
DA:148,0
DA:152,0
DA:157,0
DA:165,0
DA:168,0
DA:171,0
DA:178,0
DA:183,0
DA:184,0
DA:185,0
DA:186,0
DA:189,0
DA:190,0
DA:191,0
DA:194,0
DA:195,0
DA:196,0
DA:200,0
DA:201,0
DA:205,0
DA:210,0
DA:211,0
DA:212,0
DA:216,0
DA:217,0
DA:218,0
DA:223,0
DA:224,0
DA:226,0
DA:229,0
DA:230,0
DA:231,0
DA:236,0
DA:242,0
DA:247,0
DA:251,0
DA:252,0
DA:253,0
DA:254,0
DA:259,0
DA:260,0
DA:261,0
DA:263,0
DA:264,0
DA:265,0
LF:87
LH:0
end_of_record
SF:lib/widgets/smooth_scaffold.dart
DA:8,8
DA:38,8
DA:43,1
DA:44,2
DA:60,8
DA:61,8
DA:65,8
DA:67,8
DA:69,8
DA:71,8
DA:73,2
DA:74,0
DA:75,0
DA:77,1
DA:78,0
DA:79,0
DA:80,0
DA:82,0
DA:83,0
DA:87,0
DA:88,0
DA:96,1
DA:97,1
DA:99,1
DA:101,2
DA:102,1
DA:111,16
DA:112,8
DA:113,6
DA:115,2
DA:116,0
DA:117,0
DA:123,8
DA:124,8
DA:125,8
DA:126,16
DA:127,16
DA:128,8
DA:136,8
DA:137,24
DA:139,1
DA:140,3
DA:142,8
DA:143,16
DA:144,14
DA:146,8
DA:150,8
DA:151,0
DA:152,0
DA:155,0
DA:160,8
DA:164,8
DA:184,0
DA:188,0
DA:192,0
DA:194,0
DA:196,7
DA:198,7
LF:58
LH:40
end_of_record
SF:lib/knowledge_panel/knowledge_panels/knowledge_panel_group_card.dart
DA:8,0
DA:16,0
DA:18,0
DA:19,0
DA:21,0
DA:22,0
DA:24,0
DA:25,0
DA:26,0
DA:28,0
DA:29,0
DA:31,0
DA:34,0
DA:35,0
DA:37,0
LF:15
LH:0
end_of_record
SF:lib/knowledge_panel/knowledge_panels/knowledge_panel_image_card.dart
DA:6,0
DA:13,0
DA:14,0
DA:15,0
DA:16,0
DA:17,0
LF:6
LH:0
end_of_record
SF:lib/pages/carousel_manager.dart
DA:6,0
DA:13,0
DA:15,0
DA:16,0
DA:19,0
DA:21,0
DA:22,0
DA:25,0
DA:26,0
DA:29,0
DA:31,0
DA:43,0
DA:45,0
DA:47,0
DA:51,0
DA:54,0
DA:57,0
DA:60,0
DA:64,0
DA:65,0
DA:66,0
DA:71,0
DA:74,0
DA:76,0
DA:78,0
DA:79,0
DA:84,0
DA:88,0
DA:92,0
DA:94,0
LF:30
LH:0
end_of_record
SF:lib/widgets/smooth_app_bar.dart
DA:9,5
DA:45,5
DA:47,5
DA:48,5
DA:88,5
DA:90,5
DA:92,5
DA:94,5
DA:95,5
DA:96,5
DA:99,5
DA:103,5
DA:104,0
DA:105,5
DA:109,5
DA:111,10
DA:112,5
DA:114,5
DA:115,10
DA:120,5
DA:122,5
DA:123,5
DA:124,9
DA:126,5
DA:127,5
DA:128,5
DA:129,5
DA:130,5
DA:131,5
DA:132,5
DA:133,5
DA:134,5
DA:135,5
DA:136,5
DA:137,5
DA:138,5
DA:139,5
DA:140,5
DA:141,5
DA:142,5
DA:143,5
DA:144,5
DA:145,5
DA:146,5
DA:147,5
DA:148,5
DA:152,0
DA:153,0
DA:154,0
DA:155,0
DA:156,0
DA:157,0
DA:158,0
DA:162,0
DA:163,0
DA:164,0
DA:165,0
DA:166,0
DA:169,0
DA:170,0
DA:171,0
DA:172,0
DA:173,0
DA:174,0
DA:175,0
DA:176,0
DA:177,0
DA:178,0
DA:179,0
DA:180,0
DA:181,0
DA:182,0
DA:183,0
DA:184,0
DA:185,0
DA:186,0
DA:187,0
DA:188,0
DA:189,0
DA:190,0
DA:191,0
DA:197,5
DA:198,5
DA:199,5
DA:206,0
DA:214,0
DA:216,0
DA:217,0
DA:219,0
DA:220,0
DA:221,0
DA:222,0
DA:223,0
DA:225,0
DA:233,3
DA:238,3
DA:244,3
DA:246,3
DA:248,3
DA:249,3
DA:250,3
DA:251,0
DA:252,0
DA:253,0
DA:254,0
DA:255,0
LF:106
LH:55
end_of_record
SF:lib/knowledge_panel/knowledge_panels/knowledge_panel_product_cards.dart
DA:6,0
DA:10,0
DA:12,0
DA:13,0
DA:15,0
DA:21,0
DA:23,0
DA:24,0
DA:30,0
LF:9
LH:0
end_of_record
SF:lib/knowledge_panel/knowledge_panels/knowledge_panel_table_card.dart
DA:26,0
DA:44,0
DA:61,0
DA:71,0
DA:73,0
DA:80,0
DA:82,0
DA:83,0
DA:84,0
DA:87,0
DA:90,0
DA:91,0
DA:92,0
DA:94,0
DA:95,0
DA:96,0
DA:97,0
DA:98,0
DA:100,0
DA:101,0
DA:106,0
DA:107,0
DA:113,0
DA:114,0
DA:115,0
DA:117,0
DA:118,0
DA:119,0
DA:120,0
DA:121,0
DA:122,0
DA:123,0
DA:124,0
DA:125,0
DA:126,0
DA:133,0
DA:135,0
DA:136,0
DA:145,0
DA:146,0
DA:147,0
DA:148,0
DA:149,0
DA:150,0
DA:154,0
DA:155,0
DA:156,0
DA:157,0
DA:158,0
DA:167,0
DA:170,0
DA:174,0
DA:176,0
DA:177,0
DA:178,0
DA:180,0
DA:182,0
DA:183,0
DA:184,0
DA:187,0
DA:188,0
DA:189,0
DA:193,0
DA:198,0
DA:202,0
DA:204,0
DA:205,0
DA:207,0
DA:208,0
DA:211,0
DA:217,0
DA:221,0
DA:222,0
DA:223,0
DA:226,0
DA:229,0
DA:230,0
DA:231,0
DA:233,0
DA:235,0
DA:239,0
DA:240,0
DA:244,0
DA:246,0
DA:247,0
DA:249,0
DA:251,0
DA:252,0
DA:253,0
DA:256,0
DA:261,0
DA:262,0
DA:264,0
DA:265,0
DA:266,0
DA:267,0
DA:269,0
DA:273,0
DA:278,0
DA:292,0
DA:293,0
DA:299,0
DA:301,0
DA:302,0
DA:305,0
DA:310,0
DA:313,0
DA:314,0
DA:315,0
DA:317,0
DA:318,0
DA:319,0
DA:320,0
DA:321,0
DA:323,0
DA:326,0
DA:331,0
DA:332,0
DA:338,0
DA:340,0
DA:341,0
DA:342,0
DA:344,0
DA:346,0
DA:347,0
DA:348,0
DA:358,0
DA:363,0
DA:365,0
DA:366,0
DA:367,0
DA:368,0
DA:369,0
DA:370,0
DA:371,0
DA:372,0
DA:373,0
DA:375,0
DA:377,0
DA:378,0
DA:379,0
DA:382,0
DA:383,0
DA:384,0
DA:385,0
DA:389,0
DA:390,0
DA:391,0
DA:394,0
DA:397,0
LF:150
LH:0
end_of_record
SF:lib/pages/product/portion_calculator.dart
DA:13,0
DA:17,0
DA:18,0
DA:30,0
DA:32,0
DA:33,0
DA:36,0
DA:38,0
DA:40,0
DA:41,0
DA:42,0
DA:44,0
DA:46,0
DA:49,0
DA:50,0
DA:52,0
DA:53,0
DA:54,0
DA:58,0
DA:59,0
DA:61,0
DA:65,0
DA:66,0
DA:67,0
DA:68,0
DA:70,0
DA:71,0
DA:74,0
DA:75,0
DA:77,0
DA:78,0
DA:83,0
DA:84,0
DA:94,0
DA:98,0
DA:99,0
DA:100,0
DA:108,0
DA:111,0
DA:113,0
DA:119,0
DA:121,0
DA:123,0
DA:125,0
DA:137,0
DA:139,0
DA:140,0
DA:141,0
DA:147,0
DA:148,0
DA:149,0
DA:153,0
DA:157,0
DA:161,0
DA:162,0
DA:163,0
DA:164,0
DA:167,0
DA:170,0
DA:171,0
DA:172,0
DA:173,0
DA:176,0
DA:177,0
DA:178,0
DA:179,0
DA:180,0
DA:181,0
DA:182,0
DA:183,0
DA:188,0
DA:189,0
DA:192,0
DA:193,0
DA:194,0
DA:199,0
DA:209,0
DA:211,0
DA:212,0
LF:79
LH:0
end_of_record
SF:lib/knowledge_panel/knowledge_panels/knowledge_panel_text_card.dart
DA:12,0
DA:18,0
DA:20,0
DA:21,0
DA:25,0
DA:29,0
DA:30,0
DA:33,0
DA:38,0
DA:42,0
DA:44,0
DA:46,0
DA:47,0
DA:56,0
DA:57,0
DA:58,0
LF:16
LH:0
end_of_record
SF:lib/knowledge_panel/knowledge_panels/knowledge_panel_title_card.dart
DA:15,0
DA:25,0
DA:27,0
DA:30,0
DA:33,0
DA:35,0
DA:38,0
DA:39,0
DA:40,0
DA:41,0
DA:43,0
DA:48,0
DA:49,0
DA:50,0
DA:51,0
DA:52,0
DA:53,0
DA:54,0
DA:65,0
DA:67,0
DA:71,0
DA:73,0
DA:78,0
DA:79,0
DA:80,0
DA:82,0
DA:83,0
DA:85,0
DA:86,0
DA:87,0
DA:88,0
DA:89,0
DA:91,0
DA:92,0
DA:93,0
DA:94,0
DA:95,0
DA:96,0
DA:99,0
DA:100,0
DA:101,0
DA:102,0
DA:103,0
DA:106,0
DA:113,0
DA:120,0
DA:122,0
DA:124,0
DA:126,0
DA:128,0
DA:129,0
DA:130,0
DA:135,0
DA:137,0
DA:139,0
DA:141,0
DA:143,0
DA:144,0
DA:145,0
DA:150,0
DA:152,0
DA:154,0
DA:156,0
DA:158,0
DA:159,0
DA:160,0
DA:165,0
DA:166,0
DA:168,0
DA:169,0
DA:171,0
DA:174,0
DA:178,0
DA:179,0
DA:180,0
DA:183,0
LF:76
LH:0
end_of_record
SF:lib/knowledge_panel/knowledge_panels/knowledge_panel_world_map_card.dart
DA:9,0
DA:13,0
DA:15,0
DA:19,0
DA:21,0
DA:23,0
DA:24,0
DA:26,0
DA:27,0
DA:28,0
DA:32,0
DA:33,0
DA:37,0
DA:38,0
DA:41,0
DA:42,0
DA:44,0
DA:57,0
DA:58,0
DA:59,0
DA:60,0
DA:63,0
DA:64,0
DA:65,0
LF:24
LH:0
end_of_record
SF:lib/resources/app_animations.dart
DA:9,0
DA:16,0
DA:17,0
DA:19,0
DA:20,0
DA:27,0
DA:29,0
DA:30,0
DA:33,0
DA:34,0
DA:35,0
DA:37,0
DA:38,0
DA:41,0
DA:48,0
DA:50,0
DA:52,0
DA:58,0
DA:62,0
DA:64,0
DA:65,0
DA:73,0
DA:78,0
DA:86,0
DA:87,0
DA:93,0
DA:95,0
DA:96,0
DA:99,0
DA:101,0
DA:103,0
DA:105,0
DA:106,0
DA:108,0
DA:109,0
DA:114,0
DA:115,0
DA:121,0
DA:122,0
DA:123,0
DA:124,0
DA:128,0
DA:130,0
DA:131,0
DA:136,0
DA:143,0
DA:145,0
DA:147,0
DA:149,0
DA:150,0
DA:151,0
DA:160,0
DA:169,0
DA:170,0
DA:176,0
DA:178,0
DA:179,0
DA:182,0
DA:184,0
DA:186,0
DA:188,0
DA:189,0
DA:191,0
DA:192,0
DA:197,0
DA:198,0
DA:199,0
DA:206,0
DA:207,0
DA:208,0
DA:211,0
DA:213,0
DA:214,0
DA:229,0
DA:233,0
DA:235,0
DA:236,0
DA:244,0
DA:249,0
DA:257,0
DA:258,0
DA:264,0
DA:266,0
DA:267,0
DA:270,0
DA:271,0
DA:272,0
DA:273,0
DA:277,0
DA:279,0
DA:281,0
DA:283,0
DA:287,0
DA:288,0
DA:293,0
DA:294,0
DA:300,0
DA:302,0
DA:303,0
LF:99
LH:0
end_of_record
SF:lib/themes/color_provider.dart
DA:7,5
DA:12,15
DA:15,0
DA:16,0
DA:17,0
LF:5
LH:2
end_of_record
SF:lib/themes/contrast_provider.dart
DA:6,5
DA:11,15
DA:13,0
DA:14,0
DA:15,0
LF:5
LH:2
end_of_record
SF:lib/pages/all_product_list_modal.dart
DA:14,0
DA:26,0
DA:28,0
DA:29,0
DA:31,0
DA:33,0
DA:34,0
DA:35,0
DA:38,0
DA:39,0
DA:40,0
DA:41,0
DA:42,0
DA:43,0
DA:44,0
DA:45,0
DA:46,0
DA:48,0
DA:50,0
DA:51,0
DA:53,0
DA:54,0
DA:59,0
DA:61,0
DA:62,0
DA:67,0
DA:77,0
DA:85,0
DA:87,0
DA:89,0
DA:91,0
DA:92,0
DA:93,0
DA:95,0
DA:96,0
DA:97,0
DA:98,0
DA:102,0
DA:103,0
DA:105,0
DA:106,0
DA:107,0
DA:108,0
DA:109,0
DA:110,0
DA:111,0
DA:112,0
DA:113,0
DA:116,0
DA:117,0
DA:118,0
DA:119,0
DA:120,0
DA:121,0
DA:122,0
DA:123,0
DA:125,0
DA:126,0
DA:127,0
DA:128,0
DA:142,0
DA:143,0
DA:150,0
LF:63
LH:0
end_of_record
SF:lib/pages/preferences/user_preferences_list_tile.dart
DA:7,2
DA:34,2
DA:38,2
DA:40,6
DA:43,2
DA:45,8
DA:47,2
DA:48,2
DA:49,2
DA:50,6
DA:51,2
DA:53,2
DA:54,2
DA:55,2
DA:56,2
DA:58,2
DA:60,2
DA:61,2
DA:62,2
DA:63,2
DA:64,2
DA:68,2
DA:70,4
DA:71,1
DA:72,1
LF:25
LH:25
end_of_record
SF:lib/pages/product/common/product_list_popup_items.dart
DA:43,0
DA:46,0
DA:48,0
DA:49,0
DA:50,0
DA:57,0
DA:59,0
DA:61,0
DA:64,0
DA:67,0
DA:73,0
DA:74,0
DA:75,0
DA:77,0
DA:78,0
DA:79,0
DA:80,0
DA:81,0
DA:82,0
DA:84,0
DA:85,0
DA:86,0
DA:88,0
DA:89,0
DA:90,0
DA:94,0
DA:95,0
DA:96,0
DA:105,0
DA:107,0
DA:109,0
DA:112,0
DA:115,0
DA:121,0
DA:122,0
DA:127,0
DA:129,0
DA:131,0
DA:134,0
DA:137,0
DA:143,0
DA:144,0
DA:145,0
DA:147,0
DA:148,0
DA:149,0
DA:150,0
DA:151,0
DA:159,0
DA:161,0
DA:163,0
DA:166,0
DA:170,0
DA:176,0
DA:177,0
DA:178,0
DA:185,0
DA:187,0
DA:189,0
DA:192,0
DA:195,0
DA:202,0
DA:203,0
LF:63
LH:0
end_of_record
SF:lib/pages/product/common/product_query_page_helper.dart
DA:12,0
DA:22,0
DA:26,0
DA:30,0
DA:32,0
DA:33,0
DA:42,0
DA:43,0
DA:47,0
DA:49,0
DA:50,0
DA:51,0
DA:52,0
DA:55,0
DA:56,0
DA:57,0
DA:58,0
DA:61,0
DA:62,0
DA:63,0
DA:64,0
DA:66,0
DA:67,0
DA:68,0
DA:69,0
DA:72,0
DA:73,0
DA:74,0
DA:77,0
DA:79,0
DA:80,0
DA:81,0
DA:84,0
DA:88,0
DA:89,0
DA:90,0
DA:91,0
DA:92,0
DA:93,0
DA:94,0
DA:95,0
DA:96,0
DA:97,0
DA:98,0
DA:99,0
DA:100,0
DA:101,0
DA:102,0
DA:103,0
LF:49
LH:0
end_of_record
SF:lib/pages/crop_page.dart
DA:32,0
DA:63,0
DA:64,0
DA:85,0
DA:86,0
DA:87,0
DA:88,0
DA:89,0
DA:90,0
DA:91,0
DA:93,0
DA:94,0
DA:97,0
DA:100,0
DA:101,0
DA:105,0
DA:106,0
DA:107,0
DA:108,0
DA:112,0
DA:114,0
DA:115,0
DA:116,0
DA:117,0
DA:118,0
DA:119,0
DA:120,0
DA:123,0
DA:124,0
DA:125,0
DA:126,0
DA:127,0
DA:128,0
DA:129,0
DA:134,0
DA:135,0
DA:136,0
DA:137,0
DA:138,0
DA:142,0
DA:144,0
DA:145,0
DA:148,0
DA:150,0
DA:152,0
DA:153,0
DA:154,0
DA:155,0
DA:156,0
DA:157,0
DA:160,0
DA:161,0
DA:166,0
DA:167,0
DA:168,0
DA:169,0
DA:173,0
DA:174,0
DA:177,0
DA:178,0
DA:180,0
DA:181,0
DA:183,0
DA:184,0
DA:187,0
DA:189,0
DA:190,0
DA:195,0
DA:196,0
DA:197,0
DA:198,0
DA:200,0
DA:202,0
DA:206,0
DA:207,0
DA:209,0
DA:210,0
DA:224,0
DA:229,0
DA:230,0
DA:237,0
DA:241,0
DA:242,0
DA:243,0
DA:244,0
DA:245,0
DA:246,0
DA:248,0
DA:251,0
DA:252,0
DA:254,0
DA:261,0
DA:262,0
DA:265,0
DA:267,0
DA:268,0
DA:269,0
DA:270,0
DA:271,0
DA:272,0
DA:273,0
DA:275,0
DA:276,0
DA:277,0
DA:278,0
DA:279,0
DA:284,0
DA:285,0
DA:286,0
DA:287,0
DA:289,0
DA:290,0
DA:291,0
DA:292,0
DA:293,0
DA:294,0
DA:295,0
DA:296,0
DA:304,0
DA:305,0
DA:306,0
DA:314,0
DA:317,0
DA:318,0
DA:320,0
DA:321,0
DA:323,0
DA:328,0
DA:329,0
DA:331,0
DA:337,0
DA:341,0
DA:342,0
DA:343,0
DA:344,0
DA:345,0
DA:346,0
DA:349,0
DA:350,0
DA:351,0
DA:352,0
DA:353,0
DA:354,0
DA:362,0
DA:363,0
DA:364,0
DA:365,0
DA:366,0
DA:367,0
DA:368,0
DA:370,0
DA:371,0
DA:372,0
DA:373,0
DA:374,0
DA:375,0
DA:379,0
DA:380,0
DA:383,0
DA:385,0
DA:390,0
DA:391,0
DA:392,0
DA:393,0
DA:398,0
DA:399,0
DA:402,0
DA:403,0
DA:405,0
DA:406,0
DA:410,0
DA:411,0
DA:416,0
DA:419,0
DA:424,0
DA:425,0
DA:427,0
DA:428,0
DA:429,0
DA:431,0
DA:432,0
DA:436,0
DA:443,0
DA:444,0
DA:445,0
DA:446,0
DA:447,0
DA:449,0
DA:450,0
DA:451,0
DA:452,0
DA:453,0
DA:459,0
DA:460,0
DA:461,0
DA:462,0
DA:463,0
DA:464,0
DA:466,0
DA:467,0
DA:468,0
DA:470,0
DA:484,0
DA:485,0
DA:486,0
DA:487,0
DA:490,0
DA:498,0
DA:502,0
DA:505,0
DA:511,0
DA:513,0
DA:515,0
DA:516,0
DA:517,0
DA:524,0
DA:525,0
DA:527,0
DA:528,0
DA:529,0
DA:530,0
DA:531,0
DA:532,0
DA:541,0
DA:549,0
DA:550,0
DA:551,0
DA:552,0
DA:553,0
LF:229
LH:0
end_of_record
SF:lib/pages/product/edit_image_button.dart
DA:6,0
DA:18,0
DA:20,0
DA:21,0
DA:22,0
DA:23,0
DA:24,0
DA:25,0
DA:28,0
DA:30,0
DA:31,0
DA:32,0
DA:33,0
DA:37,0
DA:38,0
DA:40,0
DA:41,0
DA:42,0
LF:18
LH:0
end_of_record
SF:lib/pages/product/may_exit_page_helper.dart
DA:13,0
DA:14,0
DA:16,0
DA:18,0
DA:19,0
DA:23,0
DA:24,0
DA:25,0
DA:27,0
DA:28,0
DA:30,0
DA:32,0
DA:33,0
LF:13
LH:0
end_of_record
SF:lib/pages/history_page.dart
DA:9,11
DA:10,0
DA:11,0
DA:17,0
DA:21,0
DA:22,0
DA:23,0
DA:26,0
DA:30,0
DA:31,0
LF:10
LH:1
end_of_record
SF:lib/pages/product/common/product_list_page.dart
DA:38,0
DA:46,0
DA:47,0
DA:55,0
DA:58,0
DA:60,0
DA:61,0
DA:74,0
DA:75,0
DA:76,0
DA:77,0
DA:78,0
DA:79,0
DA:88,0
DA:90,0
DA:91,0
DA:92,0
DA:93,0
DA:94,0
DA:95,0
DA:98,0
DA:99,0
DA:100,0
DA:101,0
DA:107,0
DA:110,0
DA:111,0
DA:112,0
DA:113,0
DA:114,0
DA:115,0
DA:117,0
DA:118,0
DA:119,0
DA:120,0
DA:121,0
DA:122,0
DA:123,0
DA:126,0
DA:127,0
DA:129,0
DA:130,0
DA:131,0
DA:133,0
DA:134,0
DA:135,0
DA:137,0
DA:139,0
DA:140,0
DA:144,0
DA:146,0
DA:147,0
DA:148,0
DA:150,0
DA:151,0
DA:153,0
DA:155,0
DA:156,0
DA:157,0
DA:158,0
DA:160,0
DA:161,0
DA:162,0
DA:163,0
DA:166,0
DA:167,0
DA:169,0
DA:175,0
DA:176,0
DA:177,0
DA:178,0
DA:183,0
DA:184,0
DA:186,0
DA:187,0
DA:192,0
DA:195,0
DA:196,0
DA:197,0
DA:198,0
DA:199,0
DA:200,0
DA:204,0
DA:205,0
DA:206,0
DA:211,0
DA:212,0
DA:213,0
DA:215,0
DA:216,0
DA:217,0
DA:218,0
DA:219,0
DA:220,0
DA:223,0
DA:226,0
DA:227,0
DA:231,0
DA:232,0
DA:233,0
DA:234,0
DA:236,0
DA:238,0
DA:239,0
DA:241,0
DA:243,0
DA:245,0
DA:247,0
DA:253,0
DA:254,0
DA:255,0
DA:257,0
DA:259,0
DA:260,0
DA:263,0
DA:265,0
DA:266,0
DA:268,0
DA:269,0
DA:277,0
DA:278,0
DA:279,0
DA:282,0
DA:283,0
DA:288,0
DA:289,0
DA:290,0
DA:303,0
DA:304,0
DA:306,0
DA:313,0
DA:320,0
DA:321,0
DA:322,0
DA:323,0
DA:325,0
DA:327,0
DA:331,0
DA:332,0
DA:333,0
DA:334,0
DA:335,0
DA:337,0
DA:338,0
DA:339,0
DA:342,0
DA:343,0
DA:344,0
DA:345,0
DA:350,0
DA:351,0
DA:353,0
DA:354,0
DA:355,0
DA:356,0
DA:357,0
DA:358,0
DA:369,0
DA:371,0
DA:381,0
DA:382,0
DA:383,0
DA:386,0
DA:387,0
DA:389,0
DA:390,0
DA:391,0
DA:394,0
DA:396,0
DA:399,0
DA:400,0
DA:401,0
DA:402,0
DA:404,0
DA:405,0
DA:410,0
DA:412,0
DA:413,0
DA:414,0
DA:415,0
DA:417,0
DA:419,0
DA:420,0
DA:429,0
DA:430,0
DA:436,0
DA:441,0
DA:442,0
DA:443,0
DA:444,0
DA:446,0
DA:449,0
DA:451,0
DA:452,0
DA:455,0
DA:456,0
DA:457,0
DA:458,0
DA:459,0
DA:465,0
DA:467,0
DA:468,0
DA:469,0
DA:476,0
DA:481,0
DA:482,0
DA:483,0
DA:484,0
DA:486,0
DA:490,0
DA:491,0
DA:493,0
DA:494,0
LF:213
LH:0
end_of_record
SF:lib/pages/hunger_games/congrats.dart
DA:19,0
DA:29,0
DA:31,0
DA:33,0
DA:35,0
DA:36,0
DA:38,0
DA:42,0
DA:45,0
DA:50,0
DA:51,0
DA:52,0
DA:54,0
DA:55,0
DA:58,0
DA:63,0
DA:67,0
DA:68,0
DA:69,0
DA:70,0
DA:72,0
DA:74,0
DA:76,0
DA:77,0
DA:78,0
DA:89,0
DA:93,0
DA:94,0
DA:96,0
DA:97,0
DA:101,0
DA:103,0
DA:104,0
DA:105,0
DA:106,0
DA:107,0
DA:109,0
DA:110,0
DA:114,0
DA:117,0
DA:119,0
DA:120,0
DA:121,0
DA:131,0
DA:132,0
DA:133,0
DA:134,0
DA:143,0
DA:146,0
DA:149,0
DA:150,0
DA:151,0
DA:152,0
DA:156,0
DA:164,11
DA:166,0
DA:168,0
DA:170,0
DA:172,0
DA:175,0
DA:177,0
DA:178,0
DA:179,0
DA:183,0
DA:184,0
DA:185,0
DA:193,0
DA:197,0
DA:198,0
DA:199,0
LF:70
LH:1
end_of_record
SF:lib/pages/user_management/login_page.dart
DA:25,34
DA:27,1
DA:28,1
DA:40,0
DA:41,0
DA:46,0
DA:48,0
DA:49,0
DA:50,0
DA:53,0
DA:54,0
DA:55,0
DA:56,0
DA:60,0
DA:61,0
DA:62,0
DA:66,0
DA:68,0
DA:71,0
DA:73,0
DA:77,1
DA:80,1
DA:82,2
DA:83,2
DA:84,1
DA:87,1
DA:89,1
DA:90,1
DA:91,2
DA:93,1
DA:94,1
DA:97,1
DA:100,1
DA:101,3
DA:104,1
DA:105,1
DA:106,1
DA:107,1
DA:108,1
DA:111,1
DA:112,2
DA:113,2
DA:114,2
DA:116,1
DA:117,1
DA:118,1
DA:122,1
DA:123,1
DA:125,4
DA:128,1
[...]
DA:24,0
DA:25,0
DA:29,0
DA:32,0
DA:37,0
DA:38,0
DA:44,0
DA:46,0
DA:48,0
DA:49,0
DA:53,0
DA:55,0
DA:56,0
DA:58,0
DA:59,0
DA:60,0
DA:61,0
DA:64,0
DA:66,0
DA:67,0
DA:68,0
DA:69,0
DA:70,0
DA:71,0
DA:74,0
DA:75,0
DA:78,0
DA:79,0
DA:80,0
DA:81,0
DA:89,0
DA:90,0
DA:91,0
DA:92,0
DA:94,0
DA:96,0
DA:97,0
DA:98,0
DA:99,0
DA:102,0
DA:104,0
DA:105,0
DA:108,0
DA:109,0
DA:110,0
DA:112,0
DA:113,0
DA:122,0
DA:124,0
DA:132,0
DA:134,0
DA:136,0
DA:137,0
DA:138,0
DA:141,0
DA:142,0
DA:143,0
DA:147,0
DA:149,0
DA:155,0
DA:159,0
DA:162,0
DA:171,0
DA:172,0
DA:174,0
DA:178,0
DA:179,0
DA:180,0
DA:187,0
DA:188,0
DA:189,0
DA:190,0
DA:191,0
DA:199,0
DA:201,0
DA:202,0
DA:204,0
DA:205,0
LF:79
LH:0
end_of_record
SF:lib/pages/product/hideable_container.dart
DA:6,0
DA:9,0
DA:13,0
DA:14,0
DA:23,0
DA:25,0
DA:28,0
DA:30,0
DA:35,0
DA:36,0
DA:39,0
DA:41,0
DA:43,0
DA:44,0
DA:45,0
DA:46,0
DA:47,0
DA:53,0
DA:54,0
DA:55,0
DA:56,0
DA:57,0
DA:62,0
DA:64,0
DA:65,0
DA:68,0
DA:69,0
LF:27
LH:0
end_of_record
SF:lib/pages/product/product_questions_widget.dart
DA:17,0
DA:25,0
DA:26,0
DA:44,0
DA:46,0
DA:48,0
DA:49,0
DA:53,0
DA:55,0
DA:58,0
DA:62,0
DA:63,0
DA:66,0
DA:69,0
DA:72,0
DA:74,0
DA:75,0
DA:76,0
DA:77,0
DA:79,0
DA:80,0
DA:81,0
DA:86,0
DA:87,0
DA:89,0
DA:90,0
DA:91,0
DA:92,0
DA:95,0
DA:98,0
DA:99,0
DA:103,0
DA:107,0
DA:110,0
DA:112,0
DA:116,0
DA:117,0
DA:118,0
DA:120,0
DA:124,0
DA:126,0
DA:127,0
DA:128,0
DA:132,0
DA:133,0
DA:137,0
DA:138,0
DA:140,0
DA:145,0
DA:146,0
DA:147,0
DA:154,0
DA:157,0
DA:159,0
DA:160,0
DA:164,0
DA:165,0
DA:167,0
DA:169,0
DA:170,0
DA:173,0
DA:174,0
DA:179,0
DA:180,0
DA:191,0
DA:199,0
DA:201,0
DA:202,0
DA:207,0
DA:208,0
DA:209,0
DA:213,0
DA:215,0
DA:216,0
DA:217,0
DA:220,0
DA:222,0
DA:223,0
DA:224,0
DA:236,0
DA:237,0
DA:239,0
DA:241,0
DA:242,0
DA:243,0
DA:244,0
DA:260,0
DA:264,0
DA:266,0
DA:268,0
DA:269,0
DA:270,0
DA:271,0
DA:273,0
DA:274,0
DA:275,0
DA:276,0
DA:278,0
DA:282,0
DA:283,0
DA:284,0
DA:285,0
DA:286,0
DA:287,0
DA:288,0
DA:305,0
DA:313,0
DA:315,0
DA:316,0
DA:321,0
DA:324,0
DA:330,0
DA:331,0
DA:334,0
DA:336,0
DA:337,0
DA:338,0
DA:345,0
DA:346,0
DA:348,0
DA:349,0
DA:350,0
DA:351,0
DA:352,0
DA:353,0
DA:354,0
DA:355,0
DA:359,0
DA:360,0
DA:361,0
DA:362,0
DA:363,0
DA:364,0
DA:365,0
DA:373,0
DA:386,0
DA:388,0
DA:395,11
DA:397,0
DA:400,0
DA:402,0
DA:404,0
DA:410,0
DA:422,11
DA:426,11
DA:430,0
DA:436,11
DA:442,0
DA:446,0
DA:450,0
DA:452,0
DA:454,0
DA:457,0
DA:459,0
LF:154
LH:4
end_of_record
SF:lib/pages/product/website_card.dart
DA:9,0
DA:13,0
DA:15,0
DA:16,0
DA:17,0
DA:18,0
DA:20,0
DA:29,0
DA:30,0
DA:31,0
DA:32,0
DA:35,0
DA:36,0
DA:37,0
DA:38,0
DA:41,0
DA:44,0
DA:45,0
DA:46,0
DA:47,0
DA:66,0
DA:67,0
LF:22
LH:0
end_of_record
SF:lib/widgets/widget_height.dart
DA:5,0
DA:9,0
DA:12,0
DA:14,0
DA:17,0
DA:22,0
DA:27,0
DA:32,0
DA:34,0
DA:36,0
DA:37,0
DA:38,0
DA:39,0
DA:40,0
LF:14
LH:0
end_of_record
SF:lib/pages/product/nutrition_add_nutrient_button.dart
DA:18,0
DA:26,0
DA:28,0
DA:29,0
DA:30,0
DA:31,0
DA:32,0
DA:34,0
DA:35,0
DA:37,0
DA:39,0
DA:40,0
DA:42,0
DA:44,0
DA:45,0
DA:49,0
DA:50,0
DA:51,0
DA:53,0
DA:56,0
DA:57,0
DA:58,0
DA:59,0
DA:60,0
DA:61,0
DA:65,0
DA:66,0
DA:67,0
DA:68,0
DA:69,0
DA:70,0
DA:71,0
DA:73,0
DA:76,0
DA:78,0
DA:82,0
DA:83,0
DA:84,0
DA:85,0
DA:87,0
DA:93,0
DA:94,0
DA:97,0
DA:98,0
DA:106,0
LF:45
LH:0
end_of_record
SF:lib/pages/product/ocr_ingredients_helper.dart
DA:10,0
DA:11,0
DA:13,0
DA:18,0
DA:20,0
DA:24,0
DA:26,0
DA:31,0
DA:33,0
DA:34,0
DA:36,0
DA:38,0
DA:40,0
DA:42,0
DA:44,0
DA:46,0
DA:48,0
DA:50,0
DA:52,0
DA:54,0
DA:56,0
DA:58,0
DA:60,0
DA:62,0
DA:64,0
DA:67,0
DA:73,0
DA:74,0
DA:75,0
DA:77,0
DA:79,0
DA:82,0
DA:86,0
DA:89,0
LF:34
LH:0
end_of_record
SF:lib/pages/product/ocr_packaging_helper.dart
DA:12,0
DA:14,0
DA:16,0
DA:22,0
DA:24,0
DA:27,0
DA:29,0
DA:34,0
DA:36,0
DA:37,0
DA:39,0
DA:41,0
DA:43,0
DA:45,0
DA:47,0
DA:49,0
DA:51,0
DA:53,0
DA:55,0
DA:57,0
DA:59,0
DA:61,0
DA:63,0
DA:65,0
DA:67,0
DA:70,0
DA:75,0
DA:76,0
DA:77,0
DA:79,0
DA:81,0
DA:84,0
DA:88,0
DA:91,0
LF:34
LH:0
end_of_record
SF:lib/pages/product/portion_helper.dart
DA:8,0
DA:13,0
DA:14,0
DA:32,0
DA:35,0
DA:38,0
DA:41,0
DA:44,0
DA:47,0
DA:49,0
DA:51,0
DA:53,0
DA:59,0
DA:60,0
DA:66,0
DA:71,0
DA:75,0
DA:76,0
DA:77,0
DA:79,0
DA:81,0
DA:83,0
DA:86,0
DA:88,0
DA:89,0
DA:91,0
DA:92,0
LF:27
LH:0
end_of_record
SF:lib/pages/product/product_compatibility_header.dart
DA:12,0
DA:22,0
DA:24,0
DA:25,0
DA:26,0
DA:29,0
DA:30,0
DA:31,0
DA:32,0
DA:34,0
DA:35,0
DA:36,0
DA:43,0
DA:44,0
DA:47,0
DA:48,0
DA:49,0
DA:51,0
DA:52,0
DA:53,0
DA:54,0
DA:60,0
DA:61,0
DA:62,0
DA:63,0
DA:64,0
DA:66,0
DA:67,0
DA:68,0
DA:71,0
DA:72,0
DA:73,0
LF:32
LH:0
end_of_record
SF:lib/pages/product/product_image_viewer.dart
DA:29,0
DA:43,0
DA:44,0
DA:51,0
DA:53,0
DA:54,0
DA:57,0
DA:59,0
DA:60,0
DA:61,0
DA:62,0
DA:63,0
DA:64,0
DA:65,0
DA:67,0
DA:69,0
DA:70,0
DA:71,0
DA:74,0
DA:75,0
DA:78,0
DA:79,0
DA:80,0
DA:83,0
DA:84,0
DA:86,0
DA:87,0
DA:88,0
DA:89,0
DA:91,0
DA:92,0
DA:93,0
DA:94,0
DA:95,0
DA:102,0
DA:105,0
DA:106,0
DA:107,0
DA:114,0
DA:116,0
DA:118,0
DA:120,0
DA:122,0
DA:125,0
DA:126,0
DA:127,0
DA:128,0
DA:140,0
DA:144,0
DA:145,0
DA:146,0
DA:148,0
DA:149,0
DA:150,0
DA:151,0
DA:156,0
DA:157,0
DA:158,0
DA:171,0
DA:175,0
DA:176,0
DA:177,0
DA:179,0
DA:180,0
DA:181,0
DA:182,0
DA:183,0
DA:187,0
DA:188,0
DA:190,0
DA:192,0
DA:193,0
DA:194,0
DA:195,0
DA:202,0
DA:206,0
DA:207,0
DA:208,0
DA:211,0
DA:214,0
DA:215,0
DA:218,0
DA:229,0
DA:230,0
DA:232,0
DA:233,0
DA:237,0
DA:238,0
DA:240,0
DA:241,0
DA:244,0
DA:245,0
DA:246,0
DA:247,0
DA:248,0
DA:254,0
DA:256,0
DA:258,0
DA:263,0
DA:265,0
DA:269,0
DA:270,0
DA:271,0
DA:272,0
DA:274,0
DA:278,0
DA:284,0
DA:285,0
DA:286,0
DA:287,0
DA:290,0
DA:291,0
DA:293,0
DA:294,0
DA:295,0
DA:300,0
DA:303,0
DA:304,0
DA:305,0
DA:306,0
DA:307,0
DA:308,0
DA:309,0
DA:312,0
DA:313,0
DA:314,0
DA:316,0
DA:317,0
DA:318,0
DA:323,0
DA:324,0
DA:325,0
DA:326,0
DA:327,0
DA:328,0
DA:329,0
DA:330,0
DA:332,0
DA:333,0
DA:338,0
DA:345,0
DA:346,0
DA:347,0
DA:348,0
DA:349,0
DA:350,0
DA:356,0
DA:362,0
DA:366,0
DA:367,0
DA:368,0
DA:369,0
DA:370,0
DA:371,0
DA:375,0
DA:380,0
DA:384,0
DA:385,0
DA:386,0
DA:391,0
DA:392,0
DA:395,0
DA:396,0
DA:399,0
DA:402,0
DA:403,0
DA:412,0
DA:413,0
DA:414,0
DA:415,0
DA:416,0
DA:418,0
DA:419,0
DA:420,0
DA:421,0
DA:422,0
LF:176
LH:0
end_of_record
SF:lib/pages/product/product_incomplete_card.dart
DA:15,0
DA:23,0
DA:25,0
DA:27,0
DA:29,0
DA:31,0
DA:37,0
DA:38,0
DA:40,0
DA:41,0
DA:43,0
DA:49,0
DA:51,0
DA:52,0
DA:53,0
DA:54,0
DA:58,0
DA:59,0
DA:60,0
DA:62,0
DA:63,0
DA:65,0
DA:73,0
DA:77,0
DA:78,0
DA:81,0
DA:82,0
DA:83,0
DA:84,0
DA:85,0
DA:86,0
DA:87,0
DA:88,0
DA:89,0
DA:90,0
DA:91,0
DA:97,0
DA:99,0
DA:101,0
DA:102,0
DA:104,0
DA:105,0
DA:108,0
DA:109,0
DA:110,0
DA:111,0
DA:114,0
DA:115,0
DA:116,0
DA:117,0
DA:118,0
DA:119,0
DA:120,0
DA:128,0
DA:130,0
DA:132,0
DA:133,0
DA:134,0
DA:137,0
DA:138,0
DA:141,0
DA:142,0
DA:145,0
DA:146,0
LF:64
LH:0
end_of_record
SF:lib/pages/product/simple_input_widget.dart
DA:13,0
DA:23,0
DA:24,0
DA:38,0
DA:40,0
DA:41,0
DA:42,0
DA:43,0
DA:46,0
DA:48,0
DA:49,0
DA:52,0
DA:54,0
DA:55,0
DA:57,0
DA:59,0
DA:62,0
DA:63,0
DA:64,0
DA:67,0
DA:68,0
DA:69,0
DA:72,0
DA:73,0
DA:74,0
DA:75,0
DA:78,0
DA:79,0
DA:81,0
DA:82,0
DA:83,0
DA:85,0
DA:86,0
DA:87,0
DA:93,0
DA:94,0
DA:95,0
DA:96,0
DA:97,0
DA:106,0
DA:107,0
DA:108,0
DA:109,0
DA:114,0
DA:115,0
DA:117,0
DA:118,0
DA:119,0
DA:121,0
DA:122,0
DA:124,0
DA:125,0
DA:127,0
DA:149,0
DA:150,0
DA:152,0
DA:153,0
DA:154,0
DA:155,0
DA:158,0
DA:161,0
DA:162,0
DA:163,0
DA:164,0
DA:165,0
DA:166,0
DA:167,0
DA:168,0
DA:170,0
DA:172,0
DA:178,0
LF:71
LH:0
end_of_record
SF:lib/pages/product/summary_attribute_group.dart
DA:6,0
DA:18,0
DA:20,0
DA:21,0
DA:22,0
DA:23,0
DA:24,0
DA:25,0
DA:26,0
DA:28,0
DA:30,0
DA:31,0
DA:33,0
DA:35,0
DA:36,0
DA:46,0
DA:54,0
DA:55,0
DA:56,0
DA:62,0
DA:63,0
DA:64,0
DA:65,0
DA:66,0
DA:67,0
DA:70,0
DA:75,0
LF:27
LH:0
end_of_record
SF:lib/query/category_product_query.dart
DA:8,0
DA:13,0
DA:14,0
DA:17,0
DA:20,0
DA:21,0
DA:22,0
DA:23,0
DA:24,0
DA:25,0
DA:26,0
DA:29,0
DA:30,0
DA:31,0
DA:32,0
DA:33,0
DA:34,0
DA:35,0
DA:38,0
DA:40,0
DA:42,0
LF:21
LH:0
end_of_record
SF:lib/pages/scan/camera_scan_page.dart
DA:19,11
DA:21,0
DA:22,0
DA:33,0
DA:35,0
DA:37,0
DA:38,0
DA:39,0
DA:42,0
DA:47,0
DA:49,0
DA:53,0
DA:55,0
DA:56,0
DA:57,0
DA:58,0
DA:60,0
DA:63,0
DA:64,0
DA:66,0
DA:71,0
DA:72,0
DA:74,0
DA:76,0
DA:78,0
DA:79,0
DA:80,0
DA:84,0
DA:85,0
DA:86,0
DA:87,0
DA:88,0
DA:89,0
DA:90,0
DA:92,0
DA:93,0
DA:94,0
DA:95,0
DA:96,0
DA:99,0
DA:101,0
DA:102,0
DA:110,0
DA:111,0
DA:115,0
DA:119,0
DA:120,0
DA:122,0
DA:124,0
DA:125,0
DA:126,0
LF:51
LH:1
end_of_record
SF:lib/pages/scan/scan_header.dart
DA:11,0
DA:13,0
DA:14,0
DA:21,0
DA:23,0
DA:24,0
DA:26,0
DA:27,0
DA:34,0
DA:36,0
DA:38,0
DA:40,0
DA:45,0
DA:46,0
DA:47,0
DA:49,0
DA:50,0
DA:51,0
DA:52,0
DA:54,0
DA:55,0
DA:56,0
DA:59,0
DA:60,0
DA:64,0
DA:65,0
DA:66,0
DA:68,0
DA:71,0
DA:73,0
DA:74,0
DA:77,0
DA:81,0
DA:83,0
DA:84,0
DA:85,0
DA:88,0
DA:90,0
DA:91,0
DA:92,0
DA:94,0
DA:95,0
DA:97,0
DA:98,0
DA:106,0
DA:107,0
DA:108,0
DA:109,0
LF:48
LH:0
end_of_record
SF:lib/pages/scan/scan_page.dart
DA:22,11
DA:24,0
DA:25,0
DA:39,0
DA:41,0
DA:43,0
DA:44,0
DA:48,0
DA:50,0
DA:54,0
DA:55,0
DA:56,0
DA:58,0
DA:60,0
DA:63,0
DA:65,0
DA:66,0
DA:67,0
DA:68,0
DA:69,0
DA:71,0
DA:72,0
DA:73,0
DA:74,0
DA:79,0
DA:80,0
DA:82,0
DA:91,0
DA:93,0
DA:95,0
DA:97,0
DA:104,0
DA:106,0
DA:107,0
DA:108,0
DA:109,0
DA:110,0
DA:131,0
DA:132,0
DA:150,0
DA:151,0
DA:155,0
DA:158,0
DA:159,0
DA:160,0
DA:161,0
DA:164,0
DA:166,0
DA:167,0
DA:172,11
DA:174,0
DA:176,0
DA:178,0
DA:179,0
DA:180,0
DA:181,0
DA:183,0
DA:184,0
DA:185,0
DA:187,0
DA:194,0
DA:196,0
DA:197,0
DA:198,0
DA:199,0
DA:206,0
DA:207,0
DA:208,0
DA:213,0
DA:214,0
DA:226,0
DA:227,0
DA:228,0
DA:229,0
DA:242,0
DA:243,0
DA:246,0
DA:247,0
DA:249,0
DA:250,0
DA:252,0
DA:254,0
DA:255,0
DA:256,0
DA:261,0
DA:263,0
DA:264,0
DA:267,0
DA:269,0
DA:270,0
LF:90
LH:2
end_of_record
SF:lib/widgets/smooth_product_carousel.dart
DA:32,0
DA:40,0
DA:41,0
DA:52,0
DA:55,0
DA:57,0
DA:58,0
DA:60,0
DA:64,0
DA:66,0
DA:68,0
DA:69,0
DA:70,0
DA:72,0
DA:77,0
DA:78,0
DA:80,0
DA:81,0
DA:82,0
DA:83,0
DA:84,0
DA:85,0
DA:87,0
DA:88,0
DA:90,0
DA:94,0
DA:98,0
DA:99,0
DA:100,0
DA:102,0
DA:103,0
DA:107,0
DA:108,0
DA:109,0
DA:113,0
DA:115,0
DA:117,0
DA:118,0
DA:119,0
DA:120,0
DA:122,0
DA:123,0
DA:124,0
DA:128,0
DA:129,0
DA:130,0
DA:134,0
DA:135,0
DA:137,0
DA:138,0
DA:140,0
DA:141,0
DA:143,0
DA:144,0
DA:145,0
DA:146,0
DA:147,0
DA:149,0
DA:150,0
DA:151,0
DA:166,0
DA:167,0
DA:170,0
DA:171,0
DA:172,0
DA:173,0
DA:174,0
DA:175,0
DA:176,0
DA:178,0
DA:180,0
DA:181,0
DA:183,0
DA:184,0
DA:185,0
DA:187,0
DA:189,0
DA:191,0
DA:192,0
DA:196,0
DA:197,0
DA:204,0
DA:205,0
DA:206,0
DA:207,0
DA:208,0
DA:209,0
DA:215,0
DA:221,0
DA:223,0
DA:225,0
DA:230,0
DA:233,0
DA:234,0
DA:235,0
DA:238,0
DA:239,0
DA:242,0
DA:244,0
DA:245,0
DA:263,11
DA:265,0
DA:267,0
DA:268,0
DA:275,0
DA:277,0
DA:279,0
DA:280,0
DA:281,0
DA:282,0
DA:283,0
DA:284,0
DA:285,0
DA:287,0
DA:291,0
DA:293,0
DA:294,0
DA:295,0
DA:297,0
DA:299,0
DA:307,0
DA:308,0
DA:309,0
DA:310,0
DA:311,0
DA:313,0
DA:315,0
DA:316,0
DA:317,0
DA:318,0
DA:323,0
DA:324,0
DA:325,0
DA:331,0
DA:332,0
DA:333,0
DA:341,0
DA:342,0
DA:345,0
DA:356,11
DA:358,0
DA:360,0
DA:362,0
DA:363,0
DA:367,0
DA:368,0
DA:376,11
DA:378,0
DA:380,0
DA:381,0
DA:382,0
DA:383,0
DA:384,0
DA:385,0
DA:387,0
DA:388,0
DA:389,0
DA:392,0
DA:393,0
DA:394,0
DA:395,0
DA:396,0
DA:410,0
DA:416,0
DA:418,0
DA:419,0
DA:421,0
DA:422,0
DA:423,0
DA:424,0
DA:428,0
DA:429,0
DA:434,0
DA:436,0
DA:444,0
DA:445,0
DA:451,0
DA:453,0
DA:454,0
DA:455,0
DA:456,0
DA:457,0
DA:460,0
DA:465,0
DA:466,0
DA:472,0
DA:473,0
DA:474,0
DA:475,0
DA:476,0
DA:477,0
DA:478,0
DA:479,0
DA:480,0
DA:482,0
DA:483,0
DA:488,0
DA:489,0
DA:490,0
DA:491,0
DA:492,0
DA:506,0
DA:510,0
DA:512,0
DA:513,0
DA:514,0
DA:515,0
DA:521,0
DA:522,0
DA:526,0
DA:527,0
DA:528,0
DA:529,0
DA:530,0
DA:531,0
DA:534,0
DA:535,0
DA:536,0
LF:218
LH:3
end_of_record
SF:lib/pages/scan/scan_product_card.dart
DA:11,0
DA:12,0
DA:13,0
DA:17,0
DA:20,0
DA:21,0
DA:22,0
DA:23,0
DA:24,0
DA:27,0
DA:28,0
DA:31,0
DA:32,0
DA:33,0
DA:34,0
DA:35,0
DA:47,0
DA:48,0
DA:49,0
DA:50,0
LF:20
LH:0
end_of_record
SF:lib/pages/scan/scan_product_card_loader.dart
DA:10,0
DA:14,0
DA:16,0
DA:17,0
DA:18,0
DA:19,0
DA:23,0
DA:24,0
DA:27,0
LF:9
LH:0
end_of_record
SF:lib/pages/scan/search_history_view.dart
DA:9,0
DA:17,0
DA:18,0
DA:24,0
DA:26,0
DA:27,0
DA:30,0
DA:31,0
DA:33,0
DA:34,0
DA:37,0
DA:39,0
DA:40,0
DA:41,0
DA:42,0
DA:46,0
DA:47,0
DA:49,0
DA:50,0
DA:52,0
DA:53,0
DA:54,0
DA:63,0
DA:64,0
DA:65,0
DA:67,0
DA:75,0
DA:77,0
DA:79,0
DA:84,0
DA:85,0
DA:86,0
DA:89,0
DA:90,0
DA:92,0
DA:93,0
DA:97,0
DA:98,0
DA:107,0
DA:114,0
DA:116,0
DA:118,0
DA:119,0
DA:120,0
DA:121,0
LF:45
LH:0
end_of_record
SF:lib/query/keywords_product_query.dart
DA:8,0
DA:12,0
DA:13,0
DA:15,0
DA:16,0
DA:17,0
DA:18,0
DA:19,0
DA:20,0
DA:21,0
DA:24,0
DA:25,0
DA:26,0
DA:27,0
DA:28,0
DA:29,0
DA:30,0
DA:33,0
DA:35,0
DA:37,0
LF:20
LH:0
end_of_record
SF:lib/pages/user_management/forgot_password_page.dart
DA:13,12
DA:15,1
DA:16,1
DA:28,0
DA:29,0
DA:30,0
DA:33,0
DA:36,0
DA:37,0
DA:38,0
DA:39,0
DA:40,0
DA:42,0
DA:43,0
DA:44,0
DA:45,0
DA:46,0
DA:47,0
DA:48,0
DA:50,0
DA:53,0
DA:56,0
DA:59,1
DA:62,1
DA:64,2
DA:65,1
DA:68,1
DA:70,1
DA:71,1
DA:72,2
DA:74,1
DA:75,1
DA:78,1
DA:79,3
DA:82,1
DA:83,1
DA:84,1
DA:86,1
DA:87,2
DA:88,1
DA:89,1
DA:92,1
DA:94,1
DA:95,1
DA:97,3
DA:103,1
DA:104,1
DA:105,1
DA:107,2
DA:109,1
DA:110,2
DA:111,0
DA:113,0
DA:114,0
DA:120,1
DA:121,1
DA:123,1
DA:124,1
DA:126,1
DA:133,0
DA:134,0
DA:135,0
DA:140,1
DA:141,1
DA:142,0
DA:144,1
DA:145,0
DA:146,0
DA:147,0
DA:149,0
DA:152,1
DA:153,1
DA:154,6
DA:157,1
DA:163,1
DA:164,1
DA:165,0
DA:166,1
DA:167,3
DA:169,2
DA:173,1
LF:81
LH:50
end_of_record
SF:lib/pages/user_management/sign_up_page.dart
DA:21,12
DA:23,1
DA:24,1
DA:49,1
DA:52,1
DA:54,1
DA:55,1
DA:56,2
DA:58,1
DA:64,2
DA:65,0
DA:69,3
DA:70,2
DA:72,2
DA:76,1
DA:78,1
DA:79,2
DA:83,1
DA:84,0
DA:85,1
DA:86,1
DA:87,1
DA:88,3
DA:89,1
DA:90,1
DA:93,1
DA:95,1
DA:100,0
DA:101,0
DA:103,0
DA:109,1
DA:112,1
DA:113,1
DA:115,1
DA:120,0
DA:121,0
DA:122,0
DA:123,0
DA:124,0
DA:125,0
DA:132,1
DA:134,1
DA:135,1
DA:137,1
DA:142,0
DA:143,0
DA:144,0
DA:146,0
DA:147,0
DA:148,0
DA:150,0
DA:151,0
DA:155,0
DA:161,1
DA:163,1
DA:164,1
DA:166,1
DA:167,0
DA:168,0
DA:173,0
DA:174,0
DA:175,0
DA:176,0
DA:177,0
DA:184,1
DA:186,1
DA:187,1
DA:189,1
DA:194,0
DA:195,0
DA:197,0
DA:198,0
DA:199,0
DA:201,0
DA:206,0
DA:207,0
DA:208,0
DA:210,0
DA:215,1
DA:216,1
DA:217,1
DA:219,0
DA:220,0
DA:221,0
DA:222,0
DA:228,1
DA:229,0
DA:230,0
DA:233,1
DA:235,1
DA:236,1
DA:238,1
DA:239,0
DA:242,1
DA:243,1
DA:244,2
DA:245,3
DA:248,1
DA:250,0
DA:252,0
DA:254,0
DA:257,0
DA:258,0
DA:259,0
DA:265,1
DA:266,1
DA:267,0
DA:268,0
DA:271,1
DA:273,1
DA:274,1
DA:276,1
DA:277,0
DA:280,1
DA:281,1
DA:282,2
DA:283,3
DA:286,1
DA:287,1
DA:288,0
DA:289,1
DA:290,1
DA:291,6
DA:293,1
DA:299,1
DA:300,1
DA:301,3
DA:303,2
DA:308,1
DA:316,0
DA:317,0
DA:318,0
DA:319,0
DA:320,0
DA:323,0
DA:324,0
DA:325,0
DA:327,0
DA:328,0
DA:329,0
DA:331,0
DA:332,0
DA:333,0
DA:334,0
DA:335,0
DA:336,0
DA:337,0
DA:339,0
DA:345,0
DA:349,0
DA:350,0
DA:351,0
DA:352,0
DA:354,0
DA:355,0
DA:356,0
DA:357,0
DA:358,0
DA:359,0
DA:360,0
DA:361,0
DA:362,0
DA:363,0
DA:364,0
DA:365,0
DA:366,0
DA:368,0
DA:369,0
DA:370,0
DA:371,0
DA:372,0
DA:373,0
DA:374,0
DA:375,0
DA:379,0
DA:380,0
DA:381,0
DA:382,0
DA:383,0
DA:384,0
DA:385,0
DA:388,0
DA:390,0
DA:392,0
DA:397,0
DA:398,0
DA:402,0
DA:403,0
DA:406,0
DA:407,0
DA:410,0
DA:411,0
DA:412,0
DA:413,0
DA:414,0
DA:415,0
DA:416,0
DA:420,0
DA:423,0
DA:428,1
DA:434,1
DA:441,1
DA:443,1
DA:444,1
DA:446,1
DA:448,0
DA:449,0
DA:451,1
DA:453,1
DA:454,1
DA:455,1
DA:456,1
DA:457,1
DA:459,1
DA:460,1
DA:461,1
DA:462,1
DA:464,0
DA:468,1
DA:469,1
DA:470,1
DA:471,1
DA:472,1
DA:474,2
DA:475,3
DA:476,2
DA:479,1
DA:480,3
DA:483,1
DA:484,1
DA:485,1
DA:491,1
DA:492,0
DA:494,1
DA:496,1
DA:497,1
DA:499,2
DA:500,1
DA:508,1
DA:509,1
DA:510,1
DA:511,1
DA:512,3
DA:520,0
DA:521,0
DA:524,0
DA:525,0
LF:247
LH:115
end_of_record
SF:lib/query/paged_search_product_query.dart
DA:7,0
DA:11,0
DA:13,0
DA:14,0
DA:15,0
DA:16,0
DA:17,0
DA:18,0
DA:20,0
DA:21,0
LF:10
LH:0
end_of_record
SF:lib/services/app_store/app_store_service.dart
DA:5,0
DA:6,0
DA:8,0
DA:11,0
DA:13,0
DA:16,0
DA:21,0
DA:24,0
DA:27,0
DA:29,0
LF:10
LH:0
end_of_record
SF:lib/services/smooth_service.dart
DA:4,2
DA:8,0
DA:9,0
DA:10,0
DA:11,0
DA:18,0
DA:19,0
DA:22,2
LF:8
LH:2
end_of_record
SF:lib/services/logs/fimber/fimber_helper.dart
DA:4,0
DA:6,0
DA:8,0
DA:10,0
DA:12,0
DA:14,0
DA:21,0
DA:22,0
LF:8
LH:0
end_of_record
SF:lib/services/logs/fimber/trees/base_fimber_tree.dart
DA:6,0
DA:7,0
DA:9,0
DA:10,0
DA:11,0
DA:15,0
DA:16,0
LF:7
LH:0
end_of_record
SF:lib/services/logs/fimber/trees/debug_fimber_tree.dart
DA:6,0
DA:7,0
DA:8,0
DA:10,0
DA:11,0
LF:5
LH:0
end_of_record
SF:lib/services/logs/fimber/trees/file_fimber_tree.dart
DA:11,0
DA:14,0
DA:15,0
DA:18,0
DA:26,0
DA:34,0
DA:37,0
DA:38,0
DA:41,0
DA:43,0
DA:46,0
DA:49,0
DA:50,0
DA:53,0
DA:56,0
DA:57,0
DA:58,0
DA:60,0
DA:61,0
DA:65,0
LF:20
LH:0
end_of_record
SF:lib/services/logs/fimber/trees/sentry_fimber_tree.dart
DA:8,0
DA:10,0
DA:12,0
DA:20,0
DA:22,0
DA:23,0
DA:26,0
DA:32,0
DA:33,0
DA:35,0
DA:38,0
DA:43,0
DA:45,0
DA:47,0
DA:49,0
LF:15
LH:0
end_of_record
SF:lib/services/logs/logs_fimber_impl.dart
DA:21,0
DA:24,0
DA:25,0
DA:26,0
DA:29,0
DA:30,0
DA:33,0
DA:34,0
DA:37,0
DA:38,0
DA:43,0
DA:44,0
DA:49,0
DA:51,0
DA:54,0
DA:55,0
DA:57,0
DA:58,0
DA:59,0
DA:61,0
DA:69,0
DA:70,0
DA:72,0
DA:78,0
DA:80,0
DA:83,0
DA:89,0
DA:91,0
DA:92,0
DA:95,0
DA:97,0
DA:100,0
DA:106,0
DA:108,0
DA:111,0
DA:117,0
DA:119,0
DA:122,0
DA:128,0
DA:130,0
DA:132,0
DA:135,0
DA:136,0
DA:142,0
DA:144,0
DA:145,0
LF:46
LH:0
end_of_record
SF:lib/services/logs/smooth_logs_service.dart
DA:7,4
DA:9,1
DA:16,1
DA:17,0
DA:21,0
DA:27,0
DA:36,1
DA:42,1
DA:51,0
DA:57,0
DA:66,0
DA:72,0
DA:81,0
DA:87,0
DA:95,0
DA:96,0
DA:98,0
DA:99,0
LF:18
LH:5
end_of_record
SF:lib/generic_lib/dialogs/smooth_category_picker.dart
DA:50,1
DA:58,2
DA:60,1
DA:90,1
DA:92,1
DA:97,1
DA:99,1
DA:100,5
DA:103,1
DA:104,1
DA:105,1
DA:107,1
DA:109,1
DA:111,1
DA:112,1
DA:113,1
DA:114,2
DA:115,3
DA:116,1
DA:119,1
DA:120,1
DA:121,1
DA:122,1
DA:124,0
DA:125,0
DA:126,0
DA:127,0
DA:134,1
DA:135,2
DA:136,1
DA:138,6
DA:141,1
DA:143,1
DA:144,1
DA:146,1
DA:147,2
DA:148,1
DA:149,3
DA:150,4
DA:155,1
DA:156,1
DA:157,1
DA:161,5
DA:162,1
DA:163,2
DA:164,5
DA:165,5
DA:170,4
DA:174,1
DA:175,1
DA:176,2
DA:177,2
DA:178,2
DA:179,2
DA:180,2
DA:181,2
DA:197,1
DA:203,0
DA:204,0
DA:205,0
DA:211,3
DA:220,0
DA:221,0
DA:227,1
DA:228,1
DA:229,4
DA:230,1
DA:231,1
DA:234,1
DA:237,0
DA:238,0
DA:239,0
DA:240,0
DA:241,0
DA:244,0
DA:250,1
DA:251,1
DA:255,1
DA:263,1
DA:272,1
DA:273,1
DA:280,1
DA:282,1
DA:283,6
DA:286,1
DA:287,2
DA:294,1
DA:296,1
DA:297,4
DA:298,5
DA:302,1
DA:303,2
DA:304,7
DA:308,1
DA:309,1
DA:310,1
DA:311,2
DA:312,1
DA:314,3
DA:316,2
DA:317,2
DA:318,1
DA:319,2
DA:320,1
DA:321,2
DA:322,2
DA:329,0
DA:330,0
DA:331,0
DA:332,0
DA:337,1
DA:339,1
DA:340,3
DA:341,2
DA:344,1
DA:346,1
DA:349,1
DA:350,1
DA:351,1
DA:352,1
DA:365,1
DA:373,1
DA:382,1
DA:384,1
DA:385,1
DA:386,1
DA:387,2
DA:388,1
DA:389,3
DA:391,1
DA:392,1
DA:393,1
DA:394,1
DA:395,5
DA:396,0
DA:397,0
DA:401,4
DA:410,1
DA:417,1
DA:425,1
DA:427,1
DA:429,1
DA:430,2
DA:431,1
DA:432,1
DA:433,1
DA:434,1
DA:436,3
DA:438,1
DA:440,1
DA:442,1
DA:443,1
DA:445,3
DA:447,0
DA:450,3
DA:453,1
DA:454,1
DA:456,0
DA:472,1
DA:485,1
DA:487,1
DA:494,1
DA:496,1
DA:497,1
DA:500,1
DA:502,3
DA:503,2
DA:504,4
DA:505,0
DA:506,0
DA:507,0
DA:508,0
DA:513,0
DA:517,1
DA:518,3
DA:519,2
DA:520,3
DA:521,4
DA:522,0
DA:525,0
DA:526,0
DA:531,6
DA:532,2
DA:533,1
DA:535,2
DA:536,1
DA:537,2
DA:541,1
DA:543,1
DA:544,1
DA:547,1
DA:549,3
DA:550,2
DA:551,1
DA:553,2
DA:554,1
DA:557,1
DA:559,3
DA:562,3
DA:563,1
DA:564,1
DA:568,1
DA:569,1
DA:570,1
DA:571,1
DA:572,2
DA:573,2
DA:574,2
DA:575,1
DA:576,3
DA:586,1
DA:593,1
DA:601,1
DA:602,1
DA:610,1
DA:612,1
DA:613,2
DA:616,1
DA:617,3
DA:618,2
DA:619,1
DA:620,3
DA:623,1
DA:625,1
DA:626,1
DA:627,1
DA:628,2
DA:629,2
DA:630,2
DA:631,1
DA:632,1
DA:649,1
DA:653,1
DA:659,2
DA:664,1
DA:666,8
DA:669,1
DA:670,1
DA:671,3
DA:672,3
DA:674,1
LF:241
LH:210
end_of_record
